<?xml version="1.0" encoding="UTF-8"?>
<!-- Generated by org.testng.reporters.JUnitXMLReporter -->
<testsuite hostname="VAIO" ignored="0" name="Test Get Feedback Rating" tests="1" failures="1" timestamp="11 May 2021 15:06:05 GMT" time="0.018" errors="0">
  <testcase name="testGetPolicyComplianceDetails" time="0.0" classname="com.qualitesoft.testscripts.ProductPolicyCompliance">
    <failure type="org.testng.TestNGException" message="
Cannot inject @Test annotated Method [testGetPolicyComplianceDetails] with [class java.lang.String, class java.lang.String].
For more information on native dependency injection please refer to http://testng.org/doc/documentation-main.html#native-dependency-injection">
      <![CDATA[org.testng.TestNGException: 
Cannot inject @Test annotated Method [testGetPolicyComplianceDetails] with [class java.lang.String, class java.lang.String].
For more information on native dependency injection please refer to http://testng.org/doc/documentation-main.html#native-dependency-injection
... Removed 24 stack frames]]>
    </failure>
  </testcase> <!-- testGetPolicyComplianceDetails -->
</testsuite> <!-- Test Get Feedback Rating -->
