<?xml version="1.0" encoding="UTF-8"?>
<testng-results skipped="0" failed="0" ignored="0" total="3" passed="3">
  <reporter-output>
    <line>
      <![CDATA[chrome browser launched successfully.]]>
    </line>
    <line>
      <![CDATA[https://sellercentral.amazon.com/URL launched successfully.]]>
    </line>
    <line>
      <![CDATA[*****************************Test Login started.]]>
    </line>
    <line>
      <![CDATA[not able to find element by (By.cssSelector: .secondary) in '10' seconds]]>
    </line>
    <line>
      <![CDATA[Element by By.xpath: (//div[@class='has-max-width'])[1]/div[2]/div[1]/div[1]/div/a/Strong found.]]>
    </line>
    <line>
      <![CDATA[WebElement clicked.]]>
    </line>
    <line>
      <![CDATA[Element by By.xpath: //input[@type='email'] found.]]>
    </line>
    <line>
      <![CDATA[Text send.]]>
    </line>
    <line>
      <![CDATA[Element by By.xpath: //input[@type='password'] found.]]>
    </line>
    <line>
      <![CDATA[Text send.]]>
    </line>
    <line>
      <![CDATA[Screenshot Login Page  successfully taken.]]>
    </line>
    <line>
      <![CDATA[Element by By.xpath: //input[@id='signInSubmit'] found.]]>
    </line>
    <line>
      <![CDATA[WebElement clicked.]]>
    </line>
    <line>
      <![CDATA[*****************************Test Product Policy Compliance started.]]>
    </line>
    <line>
      <![CDATA[Element by By.xpath: //a[contains(text(),'Performance')] found.]]>
    </line>
    <line>
      <![CDATA[Element by By.partialLinkText: Account Health found.]]>
    </line>
    <line>
      <![CDATA[WebElement clicked.]]>
    </line>
    <line>
      <![CDATA[Element by By.partialLinkText: Restricted Product Policy Violations found.]]>
    </line>
    <line>
      <![CDATA[WebElement clicked.]]>
    </line>
    <line>
      <![CDATA[Dynamic file name is: binaries/ProductPolicyComplianceData_05122021124943.xlsx]]>
    </line>
    <line>
      <![CDATA[Element by By.xpath: //a[contains(text(),'Performance')] found.]]>
    </line>
    <line>
      <![CDATA[Element by By.partialLinkText: Account Health found.]]>
    </line>
    <line>
      <![CDATA[WebElement clicked.]]>
    </line>
    <line>
      <![CDATA[Element by By.partialLinkText: Restricted Product Policy Violations found.]]>
    </line>
    <line>
      <![CDATA[WebElement clicked.]]>
    </line>
    <line>
      <![CDATA[Dynamic file name is: binaries/ProductPolicyComplianceData_05122021125134.xlsx]]>
    </line>
    <line>
      <![CDATA[Element by By.xpath: //a[contains(text(),'Performance')] found.]]>
    </line>
    <line>
      <![CDATA[Element by By.partialLinkText: Account Health found.]]>
    </line>
    <line>
      <![CDATA[WebElement clicked.]]>
    </line>
    <line>
      <![CDATA[Element by By.partialLinkText: Restricted Product Policy Violations found.]]>
    </line>
    <line>
      <![CDATA[WebElement clicked.]]>
    </line>
    <line>
      <![CDATA[Dynamic file name is: binaries/ProductPolicyComplianceData_05122021125319.xlsx]]>
    </line>
    <line>
      <![CDATA[Element by By.xpath: //a[contains(text(),'Performance')] found.]]>
    </line>
    <line>
      <![CDATA[Element by By.partialLinkText: Account Health found.]]>
    </line>
    <line>
      <![CDATA[WebElement clicked.]]>
    </line>
    <line>
      <![CDATA[Element by By.partialLinkText: Restricted Product Policy Violations found.]]>
    </line>
    <line>
      <![CDATA[WebElement clicked.]]>
    </line>
    <line>
      <![CDATA[Dynamic file name is: binaries/ProductPolicyComplianceData_05122021125431.xlsx]]>
    </line>
    <line>
      <![CDATA[Element by By.xpath: //a[contains(text(),'Performance')] found.]]>
    </line>
    <line>
      <![CDATA[Element by By.partialLinkText: Account Health found.]]>
    </line>
    <line>
      <![CDATA[WebElement clicked.]]>
    </line>
    <line>
      <![CDATA[Element by By.partialLinkText: Restricted Product Policy Violations found.]]>
    </line>
    <line>
      <![CDATA[WebElement clicked.]]>
    </line>
    <line>
      <![CDATA[Dynamic file name is: binaries/ProductPolicyComplianceData_05122021125831.xlsx]]>
    </line>
    <line>
      <![CDATA[Element by By.xpath: //a[contains(text(),'Performance')] found.]]>
    </line>
    <line>
      <![CDATA[Element by By.partialLinkText: Account Health found.]]>
    </line>
    <line>
      <![CDATA[WebElement clicked.]]>
    </line>
    <line>
      <![CDATA[Element by By.partialLinkText: Restricted Product Policy Violations found.]]>
    </line>
    <line>
      <![CDATA[WebElement clicked.]]>
    </line>
    <line>
      <![CDATA[Dynamic file name is: binaries/ProductPolicyComplianceData_05122021010107.xlsx]]>
    </line>
    <line>
      <![CDATA[Element by By.xpath: //a[contains(text(),'Performance')] found.]]>
    </line>
    <line>
      <![CDATA[Element by By.partialLinkText: Account Health found.]]>
    </line>
    <line>
      <![CDATA[WebElement clicked.]]>
    </line>
    <line>
      <![CDATA[Element by By.partialLinkText: Restricted Product Policy Violations found.]]>
    </line>
    <line>
      <![CDATA[WebElement clicked.]]>
    </line>
    <line>
      <![CDATA[Dynamic file name is: binaries/ProductPolicyComplianceData_05122021010419.xlsx]]>
    </line>
    <line>
      <![CDATA[Total number of pages are: 138]]>
    </line>
    <line>
      <![CDATA[Elements by By.xpath: //div[@class='kat-row kat-no-gutters ahd-product-policy-table-row'] found.]]>
    </line>
    <line>
      <![CDATA[Page Number: 1 Total Rows: 25]]>
    </line>
    <line>
      <![CDATA[Element by By.xpath: //a[contains(text(),'Performance')] found.]]>
    </line>
    <line>
      <![CDATA[Element by By.partialLinkText: Account Health found.]]>
    </line>
    <line>
      <![CDATA[WebElement clicked.]]>
    </line>
    <line>
      <![CDATA[Element by By.partialLinkText: Restricted Product Policy Violations found.]]>
    </line>
    <line>
      <![CDATA[WebElement clicked.]]>
    </line>
    <line>
      <![CDATA[Dynamic file name is: binaries/ProductPolicyComplianceData_05122021011319.xlsx]]>
    </line>
    <line>
      <![CDATA[Total number of pages are: 138]]>
    </line>
    <line>
      <![CDATA[Elements by By.xpath: //div[@class='kat-row kat-no-gutters ahd-product-policy-table-row'] found.]]>
    </line>
    <line>
      <![CDATA[Page Number: 1 Total Rows: 25]]>
    </line>
    <line>
      <![CDATA[Element by By.name: chevron-right found.]]>
    </line>
    <line>
      <![CDATA[WebElement clicked.]]>
    </line>
    <line>
      <![CDATA[Elements by By.xpath: //div[@class='kat-row kat-no-gutters ahd-product-policy-table-row'] found.]]>
    </line>
    <line>
      <![CDATA[Page Number: 2 Total Rows: 25]]>
    </line>
    <line>
      <![CDATA[Element by By.name: chevron-right found.]]>
    </line>
    <line>
      <![CDATA[WebElement clicked.]]>
    </line>
    <line>
      <![CDATA[Elements by By.xpath: //div[@class='kat-row kat-no-gutters ahd-product-policy-table-row'] found.]]>
    </line>
    <line>
      <![CDATA[Page Number: 3 Total Rows: 25]]>
    </line>
    <line>
      <![CDATA[Element by By.name: chevron-right found.]]>
    </line>
    <line>
      <![CDATA[WebElement clicked.]]>
    </line>
    <line>
      <![CDATA[Elements by By.xpath: //div[@class='kat-row kat-no-gutters ahd-product-policy-table-row'] found.]]>
    </line>
    <line>
      <![CDATA[Page Number: 4 Total Rows: 25]]>
    </line>
    <line>
      <![CDATA[Element by By.name: chevron-right found.]]>
    </line>
    <line>
      <![CDATA[WebElement clicked.]]>
    </line>
    <line>
      <![CDATA[Elements by By.xpath: //div[@class='kat-row kat-no-gutters ahd-product-policy-table-row'] found.]]>
    </line>
    <line>
      <![CDATA[Page Number: 5 Total Rows: 25]]>
    </line>
    <line>
      <![CDATA[Element by By.name: chevron-right found.]]>
    </line>
    <line>
      <![CDATA[WebElement clicked.]]>
    </line>
    <line>
      <![CDATA[Elements by By.xpath: //div[@class='kat-row kat-no-gutters ahd-product-policy-table-row'] found.]]>
    </line>
    <line>
      <![CDATA[Page Number: 6 Total Rows: 25]]>
    </line>
    <line>
      <![CDATA[Element by By.name: chevron-right found.]]>
    </line>
    <line>
      <![CDATA[WebElement clicked.]]>
    </line>
    <line>
      <![CDATA[Elements by By.xpath: //div[@class='kat-row kat-no-gutters ahd-product-policy-table-row'] found.]]>
    </line>
    <line>
      <![CDATA[Page Number: 7 Total Rows: 25]]>
    </line>
    <line>
      <![CDATA[Element by By.name: chevron-right found.]]>
    </line>
    <line>
      <![CDATA[WebElement clicked.]]>
    </line>
    <line>
      <![CDATA[Elements by By.xpath: //div[@class='kat-row kat-no-gutters ahd-product-policy-table-row'] found.]]>
    </line>
    <line>
      <![CDATA[Page Number: 8 Total Rows: 25]]>
    </line>
    <line>
      <![CDATA[Element by By.name: chevron-right found.]]>
    </line>
    <line>
      <![CDATA[WebElement clicked.]]>
    </line>
    <line>
      <![CDATA[Elements by By.xpath: //div[@class='kat-row kat-no-gutters ahd-product-policy-table-row'] found.]]>
    </line>
    <line>
      <![CDATA[Page Number: 9 Total Rows: 25]]>
    </line>
    <line>
      <![CDATA[Element by By.name: chevron-right found.]]>
    </line>
    <line>
      <![CDATA[WebElement clicked.]]>
    </line>
    <line>
      <![CDATA[Elements by By.xpath: //div[@class='kat-row kat-no-gutters ahd-product-policy-table-row'] found.]]>
    </line>
    <line>
      <![CDATA[Page Number: 10 Total Rows: 25]]>
    </line>
    <line>
      <![CDATA[Element by By.name: chevron-right found.]]>
    </line>
    <line>
      <![CDATA[WebElement clicked.]]>
    </line>
    <line>
      <![CDATA[Elements by By.xpath: //div[@class='kat-row kat-no-gutters ahd-product-policy-table-row'] found.]]>
    </line>
    <line>
      <![CDATA[Page Number: 11 Total Rows: 25]]>
    </line>
    <line>
      <![CDATA[Element by By.name: chevron-right found.]]>
    </line>
    <line>
      <![CDATA[WebElement clicked.]]>
    </line>
    <line>
      <![CDATA[Elements by By.xpath: //div[@class='kat-row kat-no-gutters ahd-product-policy-table-row'] found.]]>
    </line>
    <line>
      <![CDATA[Page Number: 12 Total Rows: 25]]>
    </line>
    <line>
      <![CDATA[Element by By.name: chevron-right found.]]>
    </line>
    <line>
      <![CDATA[WebElement clicked.]]>
    </line>
    <line>
      <![CDATA[Elements by By.xpath: //div[@class='kat-row kat-no-gutters ahd-product-policy-table-row'] found.]]>
    </line>
    <line>
      <![CDATA[Page Number: 13 Total Rows: 25]]>
    </line>
    <line>
      <![CDATA[Element by By.name: chevron-right found.]]>
    </line>
    <line>
      <![CDATA[WebElement clicked.]]>
    </line>
    <line>
      <![CDATA[Elements by By.xpath: //div[@class='kat-row kat-no-gutters ahd-product-policy-table-row'] found.]]>
    </line>
    <line>
      <![CDATA[Page Number: 14 Total Rows: 25]]>
    </line>
    <line>
      <![CDATA[Element by By.name: chevron-right found.]]>
    </line>
    <line>
      <![CDATA[WebElement clicked.]]>
    </line>
    <line>
      <![CDATA[Elements by By.xpath: //div[@class='kat-row kat-no-gutters ahd-product-policy-table-row'] found.]]>
    </line>
    <line>
      <![CDATA[Page Number: 15 Total Rows: 25]]>
    </line>
    <line>
      <![CDATA[Element by By.name: chevron-right found.]]>
    </line>
    <line>
      <![CDATA[WebElement clicked.]]>
    </line>
    <line>
      <![CDATA[Elements by By.xpath: //div[@class='kat-row kat-no-gutters ahd-product-policy-table-row'] found.]]>
    </line>
    <line>
      <![CDATA[Page Number: 16 Total Rows: 25]]>
    </line>
    <line>
      <![CDATA[Element by By.name: chevron-right found.]]>
    </line>
    <line>
      <![CDATA[WebElement clicked.]]>
    </line>
    <line>
      <![CDATA[Elements by By.xpath: //div[@class='kat-row kat-no-gutters ahd-product-policy-table-row'] found.]]>
    </line>
    <line>
      <![CDATA[Page Number: 17 Total Rows: 25]]>
    </line>
    <line>
      <![CDATA[Element by By.name: chevron-right found.]]>
    </line>
    <line>
      <![CDATA[WebElement clicked.]]>
    </line>
    <line>
      <![CDATA[Elements by By.xpath: //div[@class='kat-row kat-no-gutters ahd-product-policy-table-row'] found.]]>
    </line>
    <line>
      <![CDATA[Page Number: 18 Total Rows: 25]]>
    </line>
    <line>
      <![CDATA[Element by By.name: chevron-right found.]]>
    </line>
    <line>
      <![CDATA[WebElement clicked.]]>
    </line>
    <line>
      <![CDATA[Elements by By.xpath: //div[@class='kat-row kat-no-gutters ahd-product-policy-table-row'] found.]]>
    </line>
    <line>
      <![CDATA[Page Number: 19 Total Rows: 25]]>
    </line>
    <line>
      <![CDATA[Element by By.name: chevron-right found.]]>
    </line>
    <line>
      <![CDATA[WebElement clicked.]]>
    </line>
    <line>
      <![CDATA[Elements by By.xpath: //div[@class='kat-row kat-no-gutters ahd-product-policy-table-row'] found.]]>
    </line>
    <line>
      <![CDATA[Page Number: 20 Total Rows: 25]]>
    </line>
    <line>
      <![CDATA[Element by By.name: chevron-right found.]]>
    </line>
    <line>
      <![CDATA[WebElement clicked.]]>
    </line>
    <line>
      <![CDATA[Elements by By.xpath: //div[@class='kat-row kat-no-gutters ahd-product-policy-table-row'] found.]]>
    </line>
    <line>
      <![CDATA[Page Number: 21 Total Rows: 25]]>
    </line>
    <line>
      <![CDATA[Element by By.name: chevron-right found.]]>
    </line>
    <line>
      <![CDATA[WebElement clicked.]]>
    </line>
    <line>
      <![CDATA[Elements by By.xpath: //div[@class='kat-row kat-no-gutters ahd-product-policy-table-row'] found.]]>
    </line>
    <line>
      <![CDATA[Page Number: 22 Total Rows: 25]]>
    </line>
    <line>
      <![CDATA[Element by By.name: chevron-right found.]]>
    </line>
    <line>
      <![CDATA[WebElement clicked.]]>
    </line>
    <line>
      <![CDATA[Elements by By.xpath: //div[@class='kat-row kat-no-gutters ahd-product-policy-table-row'] found.]]>
    </line>
    <line>
      <![CDATA[Page Number: 23 Total Rows: 25]]>
    </line>
    <line>
      <![CDATA[Element by By.name: chevron-right found.]]>
    </line>
    <line>
      <![CDATA[WebElement clicked.]]>
    </line>
    <line>
      <![CDATA[Elements by By.xpath: //div[@class='kat-row kat-no-gutters ahd-product-policy-table-row'] found.]]>
    </line>
    <line>
      <![CDATA[Page Number: 24 Total Rows: 25]]>
    </line>
    <line>
      <![CDATA[Element by By.name: chevron-right found.]]>
    </line>
    <line>
      <![CDATA[WebElement clicked.]]>
    </line>
    <line>
      <![CDATA[Elements by By.xpath: //div[@class='kat-row kat-no-gutters ahd-product-policy-table-row'] found.]]>
    </line>
    <line>
      <![CDATA[Page Number: 25 Total Rows: 25]]>
    </line>
    <line>
      <![CDATA[Element by By.name: chevron-right found.]]>
    </line>
    <line>
      <![CDATA[WebElement clicked.]]>
    </line>
    <line>
      <![CDATA[Elements by By.xpath: //div[@class='kat-row kat-no-gutters ahd-product-policy-table-row'] found.]]>
    </line>
    <line>
      <![CDATA[Page Number: 26 Total Rows: 25]]>
    </line>
    <line>
      <![CDATA[Element by By.name: chevron-right found.]]>
    </line>
    <line>
      <![CDATA[WebElement clicked.]]>
    </line>
    <line>
      <![CDATA[Elements by By.xpath: //div[@class='kat-row kat-no-gutters ahd-product-policy-table-row'] found.]]>
    </line>
    <line>
      <![CDATA[Page Number: 27 Total Rows: 25]]>
    </line>
    <line>
      <![CDATA[Element by By.name: chevron-right found.]]>
    </line>
    <line>
      <![CDATA[WebElement clicked.]]>
    </line>
    <line>
      <![CDATA[Elements by By.xpath: //div[@class='kat-row kat-no-gutters ahd-product-policy-table-row'] found.]]>
    </line>
    <line>
      <![CDATA[Page Number: 28 Total Rows: 25]]>
    </line>
    <line>
      <![CDATA[Element by By.name: chevron-right found.]]>
    </line>
    <line>
      <![CDATA[WebElement clicked.]]>
    </line>
    <line>
      <![CDATA[Elements by By.xpath: //div[@class='kat-row kat-no-gutters ahd-product-policy-table-row'] found.]]>
    </line>
    <line>
      <![CDATA[Page Number: 29 Total Rows: 25]]>
    </line>
    <line>
      <![CDATA[Element by By.name: chevron-right found.]]>
    </line>
    <line>
      <![CDATA[WebElement clicked.]]>
    </line>
    <line>
      <![CDATA[Elements by By.xpath: //div[@class='kat-row kat-no-gutters ahd-product-policy-table-row'] found.]]>
    </line>
    <line>
      <![CDATA[Page Number: 30 Total Rows: 25]]>
    </line>
    <line>
      <![CDATA[Element by By.name: chevron-right found.]]>
    </line>
    <line>
      <![CDATA[WebElement clicked.]]>
    </line>
    <line>
      <![CDATA[Elements by By.xpath: //div[@class='kat-row kat-no-gutters ahd-product-policy-table-row'] found.]]>
    </line>
    <line>
      <![CDATA[Page Number: 31 Total Rows: 25]]>
    </line>
    <line>
      <![CDATA[Element by By.name: chevron-right found.]]>
    </line>
    <line>
      <![CDATA[WebElement clicked.]]>
    </line>
    <line>
      <![CDATA[Elements by By.xpath: //div[@class='kat-row kat-no-gutters ahd-product-policy-table-row'] found.]]>
    </line>
    <line>
      <![CDATA[Page Number: 32 Total Rows: 25]]>
    </line>
    <line>
      <![CDATA[Element by By.name: chevron-right found.]]>
    </line>
    <line>
      <![CDATA[WebElement clicked.]]>
    </line>
    <line>
      <![CDATA[Elements by By.xpath: //div[@class='kat-row kat-no-gutters ahd-product-policy-table-row'] found.]]>
    </line>
    <line>
      <![CDATA[Page Number: 33 Total Rows: 25]]>
    </line>
    <line>
      <![CDATA[Element by By.name: chevron-right found.]]>
    </line>
    <line>
      <![CDATA[WebElement clicked.]]>
    </line>
    <line>
      <![CDATA[Elements by By.xpath: //div[@class='kat-row kat-no-gutters ahd-product-policy-table-row'] found.]]>
    </line>
    <line>
      <![CDATA[Page Number: 34 Total Rows: 25]]>
    </line>
    <line>
      <![CDATA[Element by By.name: chevron-right found.]]>
    </line>
    <line>
      <![CDATA[WebElement clicked.]]>
    </line>
    <line>
      <![CDATA[Elements by By.xpath: //div[@class='kat-row kat-no-gutters ahd-product-policy-table-row'] found.]]>
    </line>
    <line>
      <![CDATA[Page Number: 35 Total Rows: 25]]>
    </line>
    <line>
      <![CDATA[Element by By.name: chevron-right found.]]>
    </line>
    <line>
      <![CDATA[WebElement clicked.]]>
    </line>
    <line>
      <![CDATA[Elements by By.xpath: //div[@class='kat-row kat-no-gutters ahd-product-policy-table-row'] found.]]>
    </line>
    <line>
      <![CDATA[Page Number: 36 Total Rows: 25]]>
    </line>
    <line>
      <![CDATA[Element by By.name: chevron-right found.]]>
    </line>
    <line>
      <![CDATA[WebElement clicked.]]>
    </line>
    <line>
      <![CDATA[Elements by By.xpath: //div[@class='kat-row kat-no-gutters ahd-product-policy-table-row'] found.]]>
    </line>
    <line>
      <![CDATA[Page Number: 37 Total Rows: 25]]>
    </line>
    <line>
      <![CDATA[Element by By.name: chevron-right found.]]>
    </line>
    <line>
      <![CDATA[WebElement clicked.]]>
    </line>
    <line>
      <![CDATA[Elements by By.xpath: //div[@class='kat-row kat-no-gutters ahd-product-policy-table-row'] found.]]>
    </line>
    <line>
      <![CDATA[Page Number: 38 Total Rows: 25]]>
    </line>
    <line>
      <![CDATA[Element by By.name: chevron-right found.]]>
    </line>
    <line>
      <![CDATA[WebElement clicked.]]>
    </line>
    <line>
      <![CDATA[Elements by By.xpath: //div[@class='kat-row kat-no-gutters ahd-product-policy-table-row'] found.]]>
    </line>
    <line>
      <![CDATA[Page Number: 39 Total Rows: 25]]>
    </line>
    <line>
      <![CDATA[Element by By.name: chevron-right found.]]>
    </line>
    <line>
      <![CDATA[WebElement clicked.]]>
    </line>
    <line>
      <![CDATA[Elements by By.xpath: //div[@class='kat-row kat-no-gutters ahd-product-policy-table-row'] found.]]>
    </line>
    <line>
      <![CDATA[Page Number: 40 Total Rows: 25]]>
    </line>
    <line>
      <![CDATA[Element by By.name: chevron-right found.]]>
    </line>
    <line>
      <![CDATA[WebElement clicked.]]>
    </line>
    <line>
      <![CDATA[Elements by By.xpath: //div[@class='kat-row kat-no-gutters ahd-product-policy-table-row'] found.]]>
    </line>
    <line>
      <![CDATA[Page Number: 41 Total Rows: 25]]>
    </line>
    <line>
      <![CDATA[Element by By.name: chevron-right found.]]>
    </line>
    <line>
      <![CDATA[WebElement clicked.]]>
    </line>
    <line>
      <![CDATA[Elements by By.xpath: //div[@class='kat-row kat-no-gutters ahd-product-policy-table-row'] found.]]>
    </line>
    <line>
      <![CDATA[Page Number: 42 Total Rows: 25]]>
    </line>
    <line>
      <![CDATA[Element by By.name: chevron-right found.]]>
    </line>
    <line>
      <![CDATA[WebElement clicked.]]>
    </line>
    <line>
      <![CDATA[Elements by By.xpath: //div[@class='kat-row kat-no-gutters ahd-product-policy-table-row'] found.]]>
    </line>
    <line>
      <![CDATA[Page Number: 43 Total Rows: 25]]>
    </line>
    <line>
      <![CDATA[Element by By.name: chevron-right found.]]>
    </line>
    <line>
      <![CDATA[WebElement clicked.]]>
    </line>
    <line>
      <![CDATA[Elements by By.xpath: //div[@class='kat-row kat-no-gutters ahd-product-policy-table-row'] found.]]>
    </line>
    <line>
      <![CDATA[Page Number: 44 Total Rows: 25]]>
    </line>
    <line>
      <![CDATA[Element by By.name: chevron-right found.]]>
    </line>
    <line>
      <![CDATA[WebElement clicked.]]>
    </line>
    <line>
      <![CDATA[Elements by By.xpath: //div[@class='kat-row kat-no-gutters ahd-product-policy-table-row'] found.]]>
    </line>
    <line>
      <![CDATA[Page Number: 45 Total Rows: 25]]>
    </line>
    <line>
      <![CDATA[Element by By.name: chevron-right found.]]>
    </line>
    <line>
      <![CDATA[WebElement clicked.]]>
    </line>
    <line>
      <![CDATA[Elements by By.xpath: //div[@class='kat-row kat-no-gutters ahd-product-policy-table-row'] found.]]>
    </line>
    <line>
      <![CDATA[Page Number: 46 Total Rows: 25]]>
    </line>
    <line>
      <![CDATA[Element by By.name: chevron-right found.]]>
    </line>
    <line>
      <![CDATA[WebElement clicked.]]>
    </line>
    <line>
      <![CDATA[Elements by By.xpath: //div[@class='kat-row kat-no-gutters ahd-product-policy-table-row'] found.]]>
    </line>
    <line>
      <![CDATA[Page Number: 47 Total Rows: 25]]>
    </line>
    <line>
      <![CDATA[Element by By.name: chevron-right found.]]>
    </line>
    <line>
      <![CDATA[WebElement clicked.]]>
    </line>
    <line>
      <![CDATA[Elements by By.xpath: //div[@class='kat-row kat-no-gutters ahd-product-policy-table-row'] found.]]>
    </line>
    <line>
      <![CDATA[Page Number: 48 Total Rows: 25]]>
    </line>
    <line>
      <![CDATA[Element by By.name: chevron-right found.]]>
    </line>
    <line>
      <![CDATA[WebElement clicked.]]>
    </line>
    <line>
      <![CDATA[Elements by By.xpath: //div[@class='kat-row kat-no-gutters ahd-product-policy-table-row'] found.]]>
    </line>
    <line>
      <![CDATA[Page Number: 49 Total Rows: 25]]>
    </line>
    <line>
      <![CDATA[Element by By.name: chevron-right found.]]>
    </line>
    <line>
      <![CDATA[WebElement clicked.]]>
    </line>
    <line>
      <![CDATA[Elements by By.xpath: //div[@class='kat-row kat-no-gutters ahd-product-policy-table-row'] found.]]>
    </line>
    <line>
      <![CDATA[Page Number: 50 Total Rows: 25]]>
    </line>
    <line>
      <![CDATA[Element by By.name: chevron-right found.]]>
    </line>
    <line>
      <![CDATA[WebElement clicked.]]>
    </line>
    <line>
      <![CDATA[Elements by By.xpath: //div[@class='kat-row kat-no-gutters ahd-product-policy-table-row'] found.]]>
    </line>
    <line>
      <![CDATA[Page Number: 51 Total Rows: 25]]>
    </line>
    <line>
      <![CDATA[Element by By.name: chevron-right found.]]>
    </line>
    <line>
      <![CDATA[WebElement clicked.]]>
    </line>
    <line>
      <![CDATA[Elements by By.xpath: //div[@class='kat-row kat-no-gutters ahd-product-policy-table-row'] found.]]>
    </line>
    <line>
      <![CDATA[Page Number: 52 Total Rows: 25]]>
    </line>
    <line>
      <![CDATA[Element by By.name: chevron-right found.]]>
    </line>
    <line>
      <![CDATA[WebElement clicked.]]>
    </line>
    <line>
      <![CDATA[Elements by By.xpath: //div[@class='kat-row kat-no-gutters ahd-product-policy-table-row'] found.]]>
    </line>
    <line>
      <![CDATA[Page Number: 53 Total Rows: 25]]>
    </line>
    <line>
      <![CDATA[Element by By.name: chevron-right found.]]>
    </line>
    <line>
      <![CDATA[WebElement clicked.]]>
    </line>
    <line>
      <![CDATA[Elements by By.xpath: //div[@class='kat-row kat-no-gutters ahd-product-policy-table-row'] found.]]>
    </line>
    <line>
      <![CDATA[Page Number: 54 Total Rows: 25]]>
    </line>
    <line>
      <![CDATA[Element by By.name: chevron-right found.]]>
    </line>
    <line>
      <![CDATA[WebElement clicked.]]>
    </line>
    <line>
      <![CDATA[Elements by By.xpath: //div[@class='kat-row kat-no-gutters ahd-product-policy-table-row'] found.]]>
    </line>
    <line>
      <![CDATA[Page Number: 55 Total Rows: 25]]>
    </line>
    <line>
      <![CDATA[Element by By.name: chevron-right found.]]>
    </line>
    <line>
      <![CDATA[WebElement clicked.]]>
    </line>
    <line>
      <![CDATA[Elements by By.xpath: //div[@class='kat-row kat-no-gutters ahd-product-policy-table-row'] found.]]>
    </line>
    <line>
      <![CDATA[Page Number: 56 Total Rows: 25]]>
    </line>
    <line>
      <![CDATA[Element by By.name: chevron-right found.]]>
    </line>
    <line>
      <![CDATA[WebElement clicked.]]>
    </line>
    <line>
      <![CDATA[Elements by By.xpath: //div[@class='kat-row kat-no-gutters ahd-product-policy-table-row'] found.]]>
    </line>
    <line>
      <![CDATA[Page Number: 57 Total Rows: 25]]>
    </line>
    <line>
      <![CDATA[Element by By.name: chevron-right found.]]>
    </line>
    <line>
      <![CDATA[WebElement clicked.]]>
    </line>
    <line>
      <![CDATA[Elements by By.xpath: //div[@class='kat-row kat-no-gutters ahd-product-policy-table-row'] found.]]>
    </line>
    <line>
      <![CDATA[Page Number: 58 Total Rows: 25]]>
    </line>
    <line>
      <![CDATA[Element by By.name: chevron-right found.]]>
    </line>
    <line>
      <![CDATA[WebElement clicked.]]>
    </line>
    <line>
      <![CDATA[Elements by By.xpath: //div[@class='kat-row kat-no-gutters ahd-product-policy-table-row'] found.]]>
    </line>
    <line>
      <![CDATA[Page Number: 59 Total Rows: 25]]>
    </line>
    <line>
      <![CDATA[Element by By.name: chevron-right found.]]>
    </line>
    <line>
      <![CDATA[WebElement clicked.]]>
    </line>
    <line>
      <![CDATA[Elements by By.xpath: //div[@class='kat-row kat-no-gutters ahd-product-policy-table-row'] found.]]>
    </line>
    <line>
      <![CDATA[Page Number: 60 Total Rows: 25]]>
    </line>
    <line>
      <![CDATA[Element by By.name: chevron-right found.]]>
    </line>
    <line>
      <![CDATA[WebElement clicked.]]>
    </line>
    <line>
      <![CDATA[Elements by By.xpath: //div[@class='kat-row kat-no-gutters ahd-product-policy-table-row'] found.]]>
    </line>
    <line>
      <![CDATA[Page Number: 61 Total Rows: 25]]>
    </line>
    <line>
      <![CDATA[Element by By.name: chevron-right found.]]>
    </line>
    <line>
      <![CDATA[WebElement clicked.]]>
    </line>
    <line>
      <![CDATA[Elements by By.xpath: //div[@class='kat-row kat-no-gutters ahd-product-policy-table-row'] found.]]>
    </line>
    <line>
      <![CDATA[Page Number: 62 Total Rows: 25]]>
    </line>
    <line>
      <![CDATA[Element by By.name: chevron-right found.]]>
    </line>
    <line>
      <![CDATA[WebElement clicked.]]>
    </line>
    <line>
      <![CDATA[Elements by By.xpath: //div[@class='kat-row kat-no-gutters ahd-product-policy-table-row'] found.]]>
    </line>
    <line>
      <![CDATA[Page Number: 63 Total Rows: 25]]>
    </line>
    <line>
      <![CDATA[Element by By.name: chevron-right found.]]>
    </line>
    <line>
      <![CDATA[WebElement clicked.]]>
    </line>
    <line>
      <![CDATA[Elements by By.xpath: //div[@class='kat-row kat-no-gutters ahd-product-policy-table-row'] found.]]>
    </line>
    <line>
      <![CDATA[Page Number: 64 Total Rows: 25]]>
    </line>
    <line>
      <![CDATA[Element by By.name: chevron-right found.]]>
    </line>
    <line>
      <![CDATA[WebElement clicked.]]>
    </line>
    <line>
      <![CDATA[Elements by By.xpath: //div[@class='kat-row kat-no-gutters ahd-product-policy-table-row'] found.]]>
    </line>
    <line>
      <![CDATA[Page Number: 65 Total Rows: 25]]>
    </line>
    <line>
      <![CDATA[Element by By.name: chevron-right found.]]>
    </line>
    <line>
      <![CDATA[WebElement clicked.]]>
    </line>
    <line>
      <![CDATA[Elements by By.xpath: //div[@class='kat-row kat-no-gutters ahd-product-policy-table-row'] found.]]>
    </line>
    <line>
      <![CDATA[Page Number: 66 Total Rows: 25]]>
    </line>
    <line>
      <![CDATA[Element by By.name: chevron-right found.]]>
    </line>
    <line>
      <![CDATA[WebElement clicked.]]>
    </line>
    <line>
      <![CDATA[Elements by By.xpath: //div[@class='kat-row kat-no-gutters ahd-product-policy-table-row'] found.]]>
    </line>
    <line>
      <![CDATA[Page Number: 67 Total Rows: 25]]>
    </line>
    <line>
      <![CDATA[Element by By.name: chevron-right found.]]>
    </line>
    <line>
      <![CDATA[WebElement clicked.]]>
    </line>
    <line>
      <![CDATA[Elements by By.xpath: //div[@class='kat-row kat-no-gutters ahd-product-policy-table-row'] found.]]>
    </line>
    <line>
      <![CDATA[Page Number: 68 Total Rows: 25]]>
    </line>
    <line>
      <![CDATA[Element by By.name: chevron-right found.]]>
    </line>
    <line>
      <![CDATA[WebElement clicked.]]>
    </line>
    <line>
      <![CDATA[Elements by By.xpath: //div[@class='kat-row kat-no-gutters ahd-product-policy-table-row'] found.]]>
    </line>
    <line>
      <![CDATA[Page Number: 69 Total Rows: 25]]>
    </line>
    <line>
      <![CDATA[Element by By.name: chevron-right found.]]>
    </line>
    <line>
      <![CDATA[WebElement clicked.]]>
    </line>
    <line>
      <![CDATA[Elements by By.xpath: //div[@class='kat-row kat-no-gutters ahd-product-policy-table-row'] found.]]>
    </line>
    <line>
      <![CDATA[Page Number: 70 Total Rows: 25]]>
    </line>
    <line>
      <![CDATA[Element by By.name: chevron-right found.]]>
    </line>
    <line>
      <![CDATA[WebElement clicked.]]>
    </line>
    <line>
      <![CDATA[Elements by By.xpath: //div[@class='kat-row kat-no-gutters ahd-product-policy-table-row'] found.]]>
    </line>
    <line>
      <![CDATA[Page Number: 71 Total Rows: 25]]>
    </line>
    <line>
      <![CDATA[Element by By.name: chevron-right found.]]>
    </line>
    <line>
      <![CDATA[WebElement clicked.]]>
    </line>
    <line>
      <![CDATA[Elements by By.xpath: //div[@class='kat-row kat-no-gutters ahd-product-policy-table-row'] found.]]>
    </line>
    <line>
      <![CDATA[Page Number: 72 Total Rows: 25]]>
    </line>
    <line>
      <![CDATA[Element by By.name: chevron-right found.]]>
    </line>
    <line>
      <![CDATA[WebElement clicked.]]>
    </line>
    <line>
      <![CDATA[Elements by By.xpath: //div[@class='kat-row kat-no-gutters ahd-product-policy-table-row'] found.]]>
    </line>
    <line>
      <![CDATA[Page Number: 73 Total Rows: 25]]>
    </line>
    <line>
      <![CDATA[Element by By.name: chevron-right found.]]>
    </line>
    <line>
      <![CDATA[WebElement clicked.]]>
    </line>
    <line>
      <![CDATA[Elements by By.xpath: //div[@class='kat-row kat-no-gutters ahd-product-policy-table-row'] found.]]>
    </line>
    <line>
      <![CDATA[Page Number: 74 Total Rows: 25]]>
    </line>
    <line>
      <![CDATA[Element by By.name: chevron-right found.]]>
    </line>
    <line>
      <![CDATA[WebElement clicked.]]>
    </line>
    <line>
      <![CDATA[Elements by By.xpath: //div[@class='kat-row kat-no-gutters ahd-product-policy-table-row'] found.]]>
    </line>
    <line>
      <![CDATA[Page Number: 75 Total Rows: 25]]>
    </line>
    <line>
      <![CDATA[Element by By.name: chevron-right found.]]>
    </line>
    <line>
      <![CDATA[WebElement clicked.]]>
    </line>
    <line>
      <![CDATA[Elements by By.xpath: //div[@class='kat-row kat-no-gutters ahd-product-policy-table-row'] found.]]>
    </line>
    <line>
      <![CDATA[Page Number: 76 Total Rows: 25]]>
    </line>
    <line>
      <![CDATA[Element by By.name: chevron-right found.]]>
    </line>
    <line>
      <![CDATA[WebElement clicked.]]>
    </line>
    <line>
      <![CDATA[Elements by By.xpath: //div[@class='kat-row kat-no-gutters ahd-product-policy-table-row'] found.]]>
    </line>
    <line>
      <![CDATA[Page Number: 77 Total Rows: 25]]>
    </line>
    <line>
      <![CDATA[Element by By.name: chevron-right found.]]>
    </line>
    <line>
      <![CDATA[WebElement clicked.]]>
    </line>
    <line>
      <![CDATA[Elements by By.xpath: //div[@class='kat-row kat-no-gutters ahd-product-policy-table-row'] found.]]>
    </line>
    <line>
      <![CDATA[Page Number: 78 Total Rows: 25]]>
    </line>
    <line>
      <![CDATA[Element by By.name: chevron-right found.]]>
    </line>
    <line>
      <![CDATA[WebElement clicked.]]>
    </line>
    <line>
      <![CDATA[Elements by By.xpath: //div[@class='kat-row kat-no-gutters ahd-product-policy-table-row'] found.]]>
    </line>
    <line>
      <![CDATA[Page Number: 79 Total Rows: 25]]>
    </line>
    <line>
      <![CDATA[Element by By.name: chevron-right found.]]>
    </line>
    <line>
      <![CDATA[WebElement clicked.]]>
    </line>
    <line>
      <![CDATA[Elements by By.xpath: //div[@class='kat-row kat-no-gutters ahd-product-policy-table-row'] found.]]>
    </line>
    <line>
      <![CDATA[Page Number: 80 Total Rows: 25]]>
    </line>
    <line>
      <![CDATA[Element by By.name: chevron-right found.]]>
    </line>
    <line>
      <![CDATA[WebElement clicked.]]>
    </line>
    <line>
      <![CDATA[Elements by By.xpath: //div[@class='kat-row kat-no-gutters ahd-product-policy-table-row'] found.]]>
    </line>
    <line>
      <![CDATA[Page Number: 81 Total Rows: 25]]>
    </line>
    <line>
      <![CDATA[Element by By.name: chevron-right found.]]>
    </line>
    <line>
      <![CDATA[WebElement clicked.]]>
    </line>
    <line>
      <![CDATA[Elements by By.xpath: //div[@class='kat-row kat-no-gutters ahd-product-policy-table-row'] found.]]>
    </line>
    <line>
      <![CDATA[Page Number: 82 Total Rows: 25]]>
    </line>
    <line>
      <![CDATA[Element by By.name: chevron-right found.]]>
    </line>
    <line>
      <![CDATA[WebElement clicked.]]>
    </line>
    <line>
      <![CDATA[Elements by By.xpath: //div[@class='kat-row kat-no-gutters ahd-product-policy-table-row'] found.]]>
    </line>
    <line>
      <![CDATA[Page Number: 83 Total Rows: 25]]>
    </line>
    <line>
      <![CDATA[Element by By.name: chevron-right found.]]>
    </line>
    <line>
      <![CDATA[WebElement clicked.]]>
    </line>
    <line>
      <![CDATA[Elements by By.xpath: //div[@class='kat-row kat-no-gutters ahd-product-policy-table-row'] found.]]>
    </line>
    <line>
      <![CDATA[Page Number: 84 Total Rows: 25]]>
    </line>
    <line>
      <![CDATA[Element by By.name: chevron-right found.]]>
    </line>
    <line>
      <![CDATA[WebElement clicked.]]>
    </line>
    <line>
      <![CDATA[Elements by By.xpath: //div[@class='kat-row kat-no-gutters ahd-product-policy-table-row'] found.]]>
    </line>
    <line>
      <![CDATA[Page Number: 85 Total Rows: 25]]>
    </line>
    <line>
      <![CDATA[Element by By.name: chevron-right found.]]>
    </line>
    <line>
      <![CDATA[WebElement clicked.]]>
    </line>
    <line>
      <![CDATA[Elements by By.xpath: //div[@class='kat-row kat-no-gutters ahd-product-policy-table-row'] found.]]>
    </line>
    <line>
      <![CDATA[Page Number: 86 Total Rows: 25]]>
    </line>
    <line>
      <![CDATA[Element by By.name: chevron-right found.]]>
    </line>
    <line>
      <![CDATA[WebElement clicked.]]>
    </line>
    <line>
      <![CDATA[Elements by By.xpath: //div[@class='kat-row kat-no-gutters ahd-product-policy-table-row'] found.]]>
    </line>
    <line>
      <![CDATA[Page Number: 87 Total Rows: 25]]>
    </line>
    <line>
      <![CDATA[Element by By.name: chevron-right found.]]>
    </line>
    <line>
      <![CDATA[WebElement clicked.]]>
    </line>
    <line>
      <![CDATA[Elements by By.xpath: //div[@class='kat-row kat-no-gutters ahd-product-policy-table-row'] found.]]>
    </line>
    <line>
      <![CDATA[Page Number: 88 Total Rows: 25]]>
    </line>
    <line>
      <![CDATA[Element by By.name: chevron-right found.]]>
    </line>
    <line>
      <![CDATA[WebElement clicked.]]>
    </line>
    <line>
      <![CDATA[Elements by By.xpath: //div[@class='kat-row kat-no-gutters ahd-product-policy-table-row'] found.]]>
    </line>
    <line>
      <![CDATA[Page Number: 89 Total Rows: 25]]>
    </line>
    <line>
      <![CDATA[Element by By.name: chevron-right found.]]>
    </line>
    <line>
      <![CDATA[WebElement clicked.]]>
    </line>
    <line>
      <![CDATA[Elements by By.xpath: //div[@class='kat-row kat-no-gutters ahd-product-policy-table-row'] found.]]>
    </line>
    <line>
      <![CDATA[Page Number: 90 Total Rows: 25]]>
    </line>
    <line>
      <![CDATA[Element by By.name: chevron-right found.]]>
    </line>
    <line>
      <![CDATA[WebElement clicked.]]>
    </line>
    <line>
      <![CDATA[Elements by By.xpath: //div[@class='kat-row kat-no-gutters ahd-product-policy-table-row'] found.]]>
    </line>
    <line>
      <![CDATA[Page Number: 91 Total Rows: 25]]>
    </line>
    <line>
      <![CDATA[Element by By.name: chevron-right found.]]>
    </line>
    <line>
      <![CDATA[WebElement clicked.]]>
    </line>
    <line>
      <![CDATA[Elements by By.xpath: //div[@class='kat-row kat-no-gutters ahd-product-policy-table-row'] found.]]>
    </line>
    <line>
      <![CDATA[Page Number: 92 Total Rows: 25]]>
    </line>
    <line>
      <![CDATA[Element by By.name: chevron-right found.]]>
    </line>
    <line>
      <![CDATA[WebElement clicked.]]>
    </line>
    <line>
      <![CDATA[Elements by By.xpath: //div[@class='kat-row kat-no-gutters ahd-product-policy-table-row'] found.]]>
    </line>
    <line>
      <![CDATA[Page Number: 93 Total Rows: 25]]>
    </line>
    <line>
      <![CDATA[Element by By.name: chevron-right found.]]>
    </line>
    <line>
      <![CDATA[WebElement clicked.]]>
    </line>
    <line>
      <![CDATA[Elements by By.xpath: //div[@class='kat-row kat-no-gutters ahd-product-policy-table-row'] found.]]>
    </line>
    <line>
      <![CDATA[Page Number: 94 Total Rows: 25]]>
    </line>
    <line>
      <![CDATA[Element by By.name: chevron-right found.]]>
    </line>
    <line>
      <![CDATA[WebElement clicked.]]>
    </line>
    <line>
      <![CDATA[Elements by By.xpath: //div[@class='kat-row kat-no-gutters ahd-product-policy-table-row'] found.]]>
    </line>
    <line>
      <![CDATA[Page Number: 95 Total Rows: 25]]>
    </line>
    <line>
      <![CDATA[Element by By.name: chevron-right found.]]>
    </line>
    <line>
      <![CDATA[WebElement clicked.]]>
    </line>
    <line>
      <![CDATA[Elements by By.xpath: //div[@class='kat-row kat-no-gutters ahd-product-policy-table-row'] found.]]>
    </line>
    <line>
      <![CDATA[Page Number: 96 Total Rows: 25]]>
    </line>
    <line>
      <![CDATA[Element by By.name: chevron-right found.]]>
    </line>
    <line>
      <![CDATA[WebElement clicked.]]>
    </line>
    <line>
      <![CDATA[Elements by By.xpath: //div[@class='kat-row kat-no-gutters ahd-product-policy-table-row'] found.]]>
    </line>
    <line>
      <![CDATA[Page Number: 97 Total Rows: 25]]>
    </line>
    <line>
      <![CDATA[Element by By.name: chevron-right found.]]>
    </line>
    <line>
      <![CDATA[WebElement clicked.]]>
    </line>
    <line>
      <![CDATA[Elements by By.xpath: //div[@class='kat-row kat-no-gutters ahd-product-policy-table-row'] found.]]>
    </line>
    <line>
      <![CDATA[Page Number: 98 Total Rows: 25]]>
    </line>
    <line>
      <![CDATA[Element by By.name: chevron-right found.]]>
    </line>
    <line>
      <![CDATA[WebElement clicked.]]>
    </line>
    <line>
      <![CDATA[Elements by By.xpath: //div[@class='kat-row kat-no-gutters ahd-product-policy-table-row'] found.]]>
    </line>
    <line>
      <![CDATA[Page Number: 99 Total Rows: 25]]>
    </line>
    <line>
      <![CDATA[Element by By.name: chevron-right found.]]>
    </line>
    <line>
      <![CDATA[WebElement clicked.]]>
    </line>
    <line>
      <![CDATA[Elements by By.xpath: //div[@class='kat-row kat-no-gutters ahd-product-policy-table-row'] found.]]>
    </line>
    <line>
      <![CDATA[Page Number: 100 Total Rows: 25]]>
    </line>
    <line>
      <![CDATA[Element by By.name: chevron-right found.]]>
    </line>
    <line>
      <![CDATA[WebElement clicked.]]>
    </line>
    <line>
      <![CDATA[Elements by By.xpath: //div[@class='kat-row kat-no-gutters ahd-product-policy-table-row'] found.]]>
    </line>
    <line>
      <![CDATA[Page Number: 101 Total Rows: 25]]>
    </line>
    <line>
      <![CDATA[Element by By.name: chevron-right found.]]>
    </line>
    <line>
      <![CDATA[WebElement clicked.]]>
    </line>
    <line>
      <![CDATA[Elements by By.xpath: //div[@class='kat-row kat-no-gutters ahd-product-policy-table-row'] found.]]>
    </line>
    <line>
      <![CDATA[Page Number: 102 Total Rows: 25]]>
    </line>
    <line>
      <![CDATA[Element by By.name: chevron-right found.]]>
    </line>
    <line>
      <![CDATA[WebElement clicked.]]>
    </line>
    <line>
      <![CDATA[Elements by By.xpath: //div[@class='kat-row kat-no-gutters ahd-product-policy-table-row'] found.]]>
    </line>
    <line>
      <![CDATA[Page Number: 103 Total Rows: 25]]>
    </line>
    <line>
      <![CDATA[Element by By.name: chevron-right found.]]>
    </line>
    <line>
      <![CDATA[WebElement clicked.]]>
    </line>
    <line>
      <![CDATA[Elements by By.xpath: //div[@class='kat-row kat-no-gutters ahd-product-policy-table-row'] found.]]>
    </line>
    <line>
      <![CDATA[Page Number: 104 Total Rows: 25]]>
    </line>
    <line>
      <![CDATA[Element by By.name: chevron-right found.]]>
    </line>
    <line>
      <![CDATA[WebElement clicked.]]>
    </line>
    <line>
      <![CDATA[Elements by By.xpath: //div[@class='kat-row kat-no-gutters ahd-product-policy-table-row'] found.]]>
    </line>
    <line>
      <![CDATA[Page Number: 105 Total Rows: 25]]>
    </line>
    <line>
      <![CDATA[Element by By.name: chevron-right found.]]>
    </line>
    <line>
      <![CDATA[WebElement clicked.]]>
    </line>
    <line>
      <![CDATA[Elements by By.xpath: //div[@class='kat-row kat-no-gutters ahd-product-policy-table-row'] found.]]>
    </line>
    <line>
      <![CDATA[Page Number: 106 Total Rows: 25]]>
    </line>
    <line>
      <![CDATA[Element by By.name: chevron-right found.]]>
    </line>
    <line>
      <![CDATA[WebElement clicked.]]>
    </line>
    <line>
      <![CDATA[Elements by By.xpath: //div[@class='kat-row kat-no-gutters ahd-product-policy-table-row'] found.]]>
    </line>
    <line>
      <![CDATA[Page Number: 107 Total Rows: 25]]>
    </line>
    <line>
      <![CDATA[Element by By.name: chevron-right found.]]>
    </line>
    <line>
      <![CDATA[WebElement clicked.]]>
    </line>
    <line>
      <![CDATA[Elements by By.xpath: //div[@class='kat-row kat-no-gutters ahd-product-policy-table-row'] found.]]>
    </line>
    <line>
      <![CDATA[Page Number: 108 Total Rows: 25]]>
    </line>
    <line>
      <![CDATA[Element by By.name: chevron-right found.]]>
    </line>
    <line>
      <![CDATA[WebElement clicked.]]>
    </line>
    <line>
      <![CDATA[Elements by By.xpath: //div[@class='kat-row kat-no-gutters ahd-product-policy-table-row'] found.]]>
    </line>
    <line>
      <![CDATA[Page Number: 109 Total Rows: 25]]>
    </line>
    <line>
      <![CDATA[Element by By.name: chevron-right found.]]>
    </line>
    <line>
      <![CDATA[WebElement clicked.]]>
    </line>
    <line>
      <![CDATA[Elements by By.xpath: //div[@class='kat-row kat-no-gutters ahd-product-policy-table-row'] found.]]>
    </line>
    <line>
      <![CDATA[Page Number: 110 Total Rows: 25]]>
    </line>
    <line>
      <![CDATA[Element by By.name: chevron-right found.]]>
    </line>
    <line>
      <![CDATA[WebElement clicked.]]>
    </line>
    <line>
      <![CDATA[Elements by By.xpath: //div[@class='kat-row kat-no-gutters ahd-product-policy-table-row'] found.]]>
    </line>
    <line>
      <![CDATA[Page Number: 111 Total Rows: 25]]>
    </line>
    <line>
      <![CDATA[Element by By.name: chevron-right found.]]>
    </line>
    <line>
      <![CDATA[WebElement clicked.]]>
    </line>
    <line>
      <![CDATA[Elements by By.xpath: //div[@class='kat-row kat-no-gutters ahd-product-policy-table-row'] found.]]>
    </line>
    <line>
      <![CDATA[Page Number: 112 Total Rows: 25]]>
    </line>
    <line>
      <![CDATA[Element by By.name: chevron-right found.]]>
    </line>
    <line>
      <![CDATA[WebElement clicked.]]>
    </line>
    <line>
      <![CDATA[Elements by By.xpath: //div[@class='kat-row kat-no-gutters ahd-product-policy-table-row'] found.]]>
    </line>
    <line>
      <![CDATA[Page Number: 113 Total Rows: 25]]>
    </line>
    <line>
      <![CDATA[Element by By.name: chevron-right found.]]>
    </line>
    <line>
      <![CDATA[WebElement clicked.]]>
    </line>
    <line>
      <![CDATA[Elements by By.xpath: //div[@class='kat-row kat-no-gutters ahd-product-policy-table-row'] found.]]>
    </line>
    <line>
      <![CDATA[Page Number: 114 Total Rows: 25]]>
    </line>
    <line>
      <![CDATA[Element by By.name: chevron-right found.]]>
    </line>
    <line>
      <![CDATA[WebElement clicked.]]>
    </line>
    <line>
      <![CDATA[Elements by By.xpath: //div[@class='kat-row kat-no-gutters ahd-product-policy-table-row'] found.]]>
    </line>
    <line>
      <![CDATA[Page Number: 115 Total Rows: 25]]>
    </line>
    <line>
      <![CDATA[Element by By.name: chevron-right found.]]>
    </line>
    <line>
      <![CDATA[WebElement clicked.]]>
    </line>
    <line>
      <![CDATA[Elements by By.xpath: //div[@class='kat-row kat-no-gutters ahd-product-policy-table-row'] found.]]>
    </line>
    <line>
      <![CDATA[Page Number: 116 Total Rows: 25]]>
    </line>
    <line>
      <![CDATA[Element by By.name: chevron-right found.]]>
    </line>
    <line>
      <![CDATA[WebElement clicked.]]>
    </line>
    <line>
      <![CDATA[Elements by By.xpath: //div[@class='kat-row kat-no-gutters ahd-product-policy-table-row'] found.]]>
    </line>
    <line>
      <![CDATA[Page Number: 117 Total Rows: 25]]>
    </line>
    <line>
      <![CDATA[Element by By.name: chevron-right found.]]>
    </line>
    <line>
      <![CDATA[WebElement clicked.]]>
    </line>
    <line>
      <![CDATA[Elements by By.xpath: //div[@class='kat-row kat-no-gutters ahd-product-policy-table-row'] found.]]>
    </line>
    <line>
      <![CDATA[Page Number: 118 Total Rows: 25]]>
    </line>
    <line>
      <![CDATA[Element by By.name: chevron-right found.]]>
    </line>
    <line>
      <![CDATA[WebElement clicked.]]>
    </line>
    <line>
      <![CDATA[Elements by By.xpath: //div[@class='kat-row kat-no-gutters ahd-product-policy-table-row'] found.]]>
    </line>
    <line>
      <![CDATA[Page Number: 119 Total Rows: 25]]>
    </line>
    <line>
      <![CDATA[Element by By.name: chevron-right found.]]>
    </line>
    <line>
      <![CDATA[WebElement clicked.]]>
    </line>
    <line>
      <![CDATA[Elements by By.xpath: //div[@class='kat-row kat-no-gutters ahd-product-policy-table-row'] found.]]>
    </line>
    <line>
      <![CDATA[Page Number: 120 Total Rows: 25]]>
    </line>
    <line>
      <![CDATA[Element by By.name: chevron-right found.]]>
    </line>
    <line>
      <![CDATA[WebElement clicked.]]>
    </line>
    <line>
      <![CDATA[Elements by By.xpath: //div[@class='kat-row kat-no-gutters ahd-product-policy-table-row'] found.]]>
    </line>
    <line>
      <![CDATA[Page Number: 121 Total Rows: 25]]>
    </line>
    <line>
      <![CDATA[Element by By.name: chevron-right found.]]>
    </line>
    <line>
      <![CDATA[WebElement clicked.]]>
    </line>
    <line>
      <![CDATA[Elements by By.xpath: //div[@class='kat-row kat-no-gutters ahd-product-policy-table-row'] found.]]>
    </line>
    <line>
      <![CDATA[Page Number: 122 Total Rows: 25]]>
    </line>
    <line>
      <![CDATA[Element by By.name: chevron-right found.]]>
    </line>
    <line>
      <![CDATA[WebElement clicked.]]>
    </line>
    <line>
      <![CDATA[Elements by By.xpath: //div[@class='kat-row kat-no-gutters ahd-product-policy-table-row'] found.]]>
    </line>
    <line>
      <![CDATA[Page Number: 123 Total Rows: 25]]>
    </line>
    <line>
      <![CDATA[Element by By.name: chevron-right found.]]>
    </line>
    <line>
      <![CDATA[WebElement clicked.]]>
    </line>
    <line>
      <![CDATA[Elements by By.xpath: //div[@class='kat-row kat-no-gutters ahd-product-policy-table-row'] found.]]>
    </line>
    <line>
      <![CDATA[Page Number: 124 Total Rows: 25]]>
    </line>
    <line>
      <![CDATA[Element by By.name: chevron-right found.]]>
    </line>
    <line>
      <![CDATA[WebElement clicked.]]>
    </line>
    <line>
      <![CDATA[Elements by By.xpath: //div[@class='kat-row kat-no-gutters ahd-product-policy-table-row'] found.]]>
    </line>
    <line>
      <![CDATA[Page Number: 125 Total Rows: 25]]>
    </line>
    <line>
      <![CDATA[Element by By.name: chevron-right found.]]>
    </line>
    <line>
      <![CDATA[WebElement clicked.]]>
    </line>
    <line>
      <![CDATA[Elements by By.xpath: //div[@class='kat-row kat-no-gutters ahd-product-policy-table-row'] found.]]>
    </line>
    <line>
      <![CDATA[Page Number: 126 Total Rows: 25]]>
    </line>
    <line>
      <![CDATA[Element by By.name: chevron-right found.]]>
    </line>
    <line>
      <![CDATA[WebElement clicked.]]>
    </line>
    <line>
      <![CDATA[Elements by By.xpath: //div[@class='kat-row kat-no-gutters ahd-product-policy-table-row'] found.]]>
    </line>
    <line>
      <![CDATA[Page Number: 127 Total Rows: 25]]>
    </line>
    <line>
      <![CDATA[Element by By.name: chevron-right found.]]>
    </line>
    <line>
      <![CDATA[WebElement clicked.]]>
    </line>
    <line>
      <![CDATA[Elements by By.xpath: //div[@class='kat-row kat-no-gutters ahd-product-policy-table-row'] found.]]>
    </line>
    <line>
      <![CDATA[Page Number: 128 Total Rows: 25]]>
    </line>
    <line>
      <![CDATA[Element by By.name: chevron-right found.]]>
    </line>
    <line>
      <![CDATA[WebElement clicked.]]>
    </line>
    <line>
      <![CDATA[Elements by By.xpath: //div[@class='kat-row kat-no-gutters ahd-product-policy-table-row'] found.]]>
    </line>
    <line>
      <![CDATA[Page Number: 129 Total Rows: 25]]>
    </line>
    <line>
      <![CDATA[Element by By.name: chevron-right found.]]>
    </line>
    <line>
      <![CDATA[WebElement clicked.]]>
    </line>
    <line>
      <![CDATA[Elements by By.xpath: //div[@class='kat-row kat-no-gutters ahd-product-policy-table-row'] found.]]>
    </line>
    <line>
      <![CDATA[Page Number: 130 Total Rows: 25]]>
    </line>
    <line>
      <![CDATA[Element by By.name: chevron-right found.]]>
    </line>
    <line>
      <![CDATA[WebElement clicked.]]>
    </line>
    <line>
      <![CDATA[Elements by By.xpath: //div[@class='kat-row kat-no-gutters ahd-product-policy-table-row'] found.]]>
    </line>
    <line>
      <![CDATA[Page Number: 131 Total Rows: 25]]>
    </line>
    <line>
      <![CDATA[Element by By.name: chevron-right found.]]>
    </line>
    <line>
      <![CDATA[WebElement clicked.]]>
    </line>
    <line>
      <![CDATA[Elements by By.xpath: //div[@class='kat-row kat-no-gutters ahd-product-policy-table-row'] found.]]>
    </line>
    <line>
      <![CDATA[Page Number: 132 Total Rows: 25]]>
    </line>
    <line>
      <![CDATA[Element by By.name: chevron-right found.]]>
    </line>
    <line>
      <![CDATA[WebElement clicked.]]>
    </line>
    <line>
      <![CDATA[Elements by By.xpath: //div[@class='kat-row kat-no-gutters ahd-product-policy-table-row'] found.]]>
    </line>
    <line>
      <![CDATA[Page Number: 133 Total Rows: 25]]>
    </line>
    <line>
      <![CDATA[Element by By.name: chevron-right found.]]>
    </line>
    <line>
      <![CDATA[WebElement clicked.]]>
    </line>
    <line>
      <![CDATA[Elements by By.xpath: //div[@class='kat-row kat-no-gutters ahd-product-policy-table-row'] found.]]>
    </line>
    <line>
      <![CDATA[Page Number: 134 Total Rows: 25]]>
    </line>
    <line>
      <![CDATA[Element by By.name: chevron-right found.]]>
    </line>
    <line>
      <![CDATA[WebElement clicked.]]>
    </line>
    <line>
      <![CDATA[Elements by By.xpath: //div[@class='kat-row kat-no-gutters ahd-product-policy-table-row'] found.]]>
    </line>
    <line>
      <![CDATA[Page Number: 135 Total Rows: 25]]>
    </line>
    <line>
      <![CDATA[Element by By.name: chevron-right found.]]>
    </line>
    <line>
      <![CDATA[WebElement clicked.]]>
    </line>
    <line>
      <![CDATA[Elements by By.xpath: //div[@class='kat-row kat-no-gutters ahd-product-policy-table-row'] found.]]>
    </line>
    <line>
      <![CDATA[Page Number: 136 Total Rows: 25]]>
    </line>
    <line>
      <![CDATA[Element by By.name: chevron-right found.]]>
    </line>
    <line>
      <![CDATA[WebElement clicked.]]>
    </line>
    <line>
      <![CDATA[Elements by By.xpath: //div[@class='kat-row kat-no-gutters ahd-product-policy-table-row'] found.]]>
    </line>
    <line>
      <![CDATA[Page Number: 137 Total Rows: 25]]>
    </line>
    <line>
      <![CDATA[Element by By.name: chevron-right found.]]>
    </line>
    <line>
      <![CDATA[WebElement clicked.]]>
    </line>
    <line>
      <![CDATA[Elements by By.xpath: //div[@class='kat-row kat-no-gutters ahd-product-policy-table-row'] found.]]>
    </line>
    <line>
      <![CDATA[Page Number: 138 Total Rows: 25]]>
    </line>
    <line>
      <![CDATA[Element by By.name: chevron-right found.]]>
    </line>
    <line>
      <![CDATA[WebElement clicked.]]>
    </line>
    <line>
      <![CDATA[*****************************Test LogOut started.]]>
    </line>
    <line>
      <![CDATA[Element by By.xpath: //*[@id="sc-quicklink-settings"]/a found.]]>
    </line>
    <line>
      <![CDATA[Element by By.xpath: //*[@id="sc-quicklink-settings"]/ul/li[1]/a found.]]>
    </line>
    <line>
      <![CDATA[WebElement clicked.]]>
    </line>
    <line>
      <![CDATA[Screenshot LoggedOut successfully taken.]]>
    </line>
    <line>
      <![CDATA[******************Test Ended************************]]>
    </line>
  </reporter-output>
  <suite name="Product Policy Compliance" duration-ms="2745417" started-at="2021-05-12T07:18:36Z" finished-at="2021-05-12T08:04:22Z">
    <groups>
    </groups>
    <test name="Test Login" duration-ms="53807" started-at="2021-05-12T07:18:36Z" finished-at="2021-05-12T07:19:30Z">
      <class name="com.qualitesoft.testscripts.LoginCR">
        <test-method status="PASS" signature="initialize(org.testng.ITestContext)[pri:0, instance:com.qualitesoft.testscripts.LoginCR@4c402120]" name="initialize" is-config="true" duration-ms="14" started-at="2021-05-12T07:18:36Z" finished-at="2021-05-12T07:18:36Z">
          <params>
            <param index="0">
              <value>
                <![CDATA[org.testng.TestRunner@716e431d]]>
              </value>
            </param>
          </params>
          <reporter-output>
            <line>
              <![CDATA[*****************************Test Login started.]]>
            </line>
          </reporter-output>
        </test-method> <!-- initialize -->
        <test-method status="PASS" signature="testLoginCR()[pri:0, instance:com.qualitesoft.testscripts.LoginCR@4c402120]" name="testLoginCR" duration-ms="53763" started-at="2021-05-12T07:18:36Z" finished-at="2021-05-12T07:19:30Z">
          <reporter-output>
            <line>
              <![CDATA[not able to find element by (By.cssSelector: .secondary) in '10' seconds]]>
            </line>
            <line>
              <![CDATA[Element by By.xpath: (//div[@class='has-max-width'])[1]/div[2]/div[1]/div[1]/div/a/Strong found.]]>
            </line>
            <line>
              <![CDATA[WebElement clicked.]]>
            </line>
            <line>
              <![CDATA[Element by By.xpath: //input[@type='email'] found.]]>
            </line>
            <line>
              <![CDATA[Text send.]]>
            </line>
            <line>
              <![CDATA[Element by By.xpath: //input[@type='password'] found.]]>
            </line>
            <line>
              <![CDATA[Text send.]]>
            </line>
            <line>
              <![CDATA[Screenshot Login Page  successfully taken.]]>
            </line>
            <line>
              <![CDATA[Element by By.xpath: //input[@id='signInSubmit'] found.]]>
            </line>
            <line>
              <![CDATA[WebElement clicked.]]>
            </line>
          </reporter-output>
        </test-method> <!-- testLoginCR -->
      </class> <!-- com.qualitesoft.testscripts.LoginCR -->
    </test> <!-- Test Login -->
    <test name="Test Product Policy Compliance" duration-ms="2673939" started-at="2021-05-12T07:19:30Z" finished-at="2021-05-12T08:04:04Z">
      <class name="com.qualitesoft.testscripts.ProductPolicyCompliance">
        <test-method status="PASS" signature="initialize(org.testng.ITestContext)[pri:0, instance:com.qualitesoft.testscripts.ProductPolicyCompliance@79079097]" name="initialize" is-config="true" duration-ms="2" started-at="2021-05-12T07:19:30Z" finished-at="2021-05-12T07:19:30Z">
          <params>
            <param index="0">
              <value>
                <![CDATA[org.testng.TestRunner@7e744f43]]>
              </value>
            </param>
          </params>
          <reporter-output>
            <line>
              <![CDATA[*****************************Test Product Policy Compliance started.]]>
            </line>
          </reporter-output>
        </test-method> <!-- initialize -->
        <test-method status="PASS" signature="testGetPolicyComplianceDetails()[pri:0, instance:com.qualitesoft.testscripts.ProductPolicyCompliance@79079097]" name="testGetPolicyComplianceDetails" duration-ms="2673931" started-at="2021-05-12T07:19:30Z" finished-at="2021-05-12T08:04:04Z">
          <reporter-output>
            <line>
              <![CDATA[Element by By.xpath: //a[contains(text(),'Performance')] found.]]>
            </line>
            <line>
              <![CDATA[Element by By.partialLinkText: Account Health found.]]>
            </line>
            <line>
              <![CDATA[WebElement clicked.]]>
            </line>
            <line>
              <![CDATA[Element by By.partialLinkText: Restricted Product Policy Violations found.]]>
            </line>
            <line>
              <![CDATA[WebElement clicked.]]>
            </line>
            <line>
              <![CDATA[Dynamic file name is: binaries/ProductPolicyComplianceData_05122021124943.xlsx]]>
            </line>
            <line>
              <![CDATA[Element by By.xpath: //a[contains(text(),'Performance')] found.]]>
            </line>
            <line>
              <![CDATA[Element by By.partialLinkText: Account Health found.]]>
            </line>
            <line>
              <![CDATA[WebElement clicked.]]>
            </line>
            <line>
              <![CDATA[Element by By.partialLinkText: Restricted Product Policy Violations found.]]>
            </line>
            <line>
              <![CDATA[WebElement clicked.]]>
            </line>
            <line>
              <![CDATA[Dynamic file name is: binaries/ProductPolicyComplianceData_05122021125134.xlsx]]>
            </line>
            <line>
              <![CDATA[Element by By.xpath: //a[contains(text(),'Performance')] found.]]>
            </line>
            <line>
              <![CDATA[Element by By.partialLinkText: Account Health found.]]>
            </line>
            <line>
              <![CDATA[WebElement clicked.]]>
            </line>
            <line>
              <![CDATA[Element by By.partialLinkText: Restricted Product Policy Violations found.]]>
            </line>
            <line>
              <![CDATA[WebElement clicked.]]>
            </line>
            <line>
              <![CDATA[Dynamic file name is: binaries/ProductPolicyComplianceData_05122021125319.xlsx]]>
            </line>
            <line>
              <![CDATA[Element by By.xpath: //a[contains(text(),'Performance')] found.]]>
            </line>
            <line>
              <![CDATA[Element by By.partialLinkText: Account Health found.]]>
            </line>
            <line>
              <![CDATA[WebElement clicked.]]>
            </line>
            <line>
              <![CDATA[Element by By.partialLinkText: Restricted Product Policy Violations found.]]>
            </line>
            <line>
              <![CDATA[WebElement clicked.]]>
            </line>
            <line>
              <![CDATA[Dynamic file name is: binaries/ProductPolicyComplianceData_05122021125431.xlsx]]>
            </line>
            <line>
              <![CDATA[Element by By.xpath: //a[contains(text(),'Performance')] found.]]>
            </line>
            <line>
              <![CDATA[Element by By.partialLinkText: Account Health found.]]>
            </line>
            <line>
              <![CDATA[WebElement clicked.]]>
            </line>
            <line>
              <![CDATA[Element by By.partialLinkText: Restricted Product Policy Violations found.]]>
            </line>
            <line>
              <![CDATA[WebElement clicked.]]>
            </line>
            <line>
              <![CDATA[Dynamic file name is: binaries/ProductPolicyComplianceData_05122021125831.xlsx]]>
            </line>
            <line>
              <![CDATA[Element by By.xpath: //a[contains(text(),'Performance')] found.]]>
            </line>
            <line>
              <![CDATA[Element by By.partialLinkText: Account Health found.]]>
            </line>
            <line>
              <![CDATA[WebElement clicked.]]>
            </line>
            <line>
              <![CDATA[Element by By.partialLinkText: Restricted Product Policy Violations found.]]>
            </line>
            <line>
              <![CDATA[WebElement clicked.]]>
            </line>
            <line>
              <![CDATA[Dynamic file name is: binaries/ProductPolicyComplianceData_05122021010107.xlsx]]>
            </line>
            <line>
              <![CDATA[Element by By.xpath: //a[contains(text(),'Performance')] found.]]>
            </line>
            <line>
              <![CDATA[Element by By.partialLinkText: Account Health found.]]>
            </line>
            <line>
              <![CDATA[WebElement clicked.]]>
            </line>
            <line>
              <![CDATA[Element by By.partialLinkText: Restricted Product Policy Violations found.]]>
            </line>
            <line>
              <![CDATA[WebElement clicked.]]>
            </line>
            <line>
              <![CDATA[Dynamic file name is: binaries/ProductPolicyComplianceData_05122021010419.xlsx]]>
            </line>
            <line>
              <![CDATA[Total number of pages are: 138]]>
            </line>
            <line>
              <![CDATA[Elements by By.xpath: //div[@class='kat-row kat-no-gutters ahd-product-policy-table-row'] found.]]>
            </line>
            <line>
              <![CDATA[Page Number: 1 Total Rows: 25]]>
            </line>
            <line>
              <![CDATA[Element by By.xpath: //a[contains(text(),'Performance')] found.]]>
            </line>
            <line>
              <![CDATA[Element by By.partialLinkText: Account Health found.]]>
            </line>
            <line>
              <![CDATA[WebElement clicked.]]>
            </line>
            <line>
              <![CDATA[Element by By.partialLinkText: Restricted Product Policy Violations found.]]>
            </line>
            <line>
              <![CDATA[WebElement clicked.]]>
            </line>
            <line>
              <![CDATA[Dynamic file name is: binaries/ProductPolicyComplianceData_05122021011319.xlsx]]>
            </line>
            <line>
              <![CDATA[Total number of pages are: 138]]>
            </line>
            <line>
              <![CDATA[Elements by By.xpath: //div[@class='kat-row kat-no-gutters ahd-product-policy-table-row'] found.]]>
            </line>
            <line>
              <![CDATA[Page Number: 1 Total Rows: 25]]>
            </line>
            <line>
              <![CDATA[Element by By.name: chevron-right found.]]>
            </line>
            <line>
              <![CDATA[WebElement clicked.]]>
            </line>
            <line>
              <![CDATA[Elements by By.xpath: //div[@class='kat-row kat-no-gutters ahd-product-policy-table-row'] found.]]>
            </line>
            <line>
              <![CDATA[Page Number: 2 Total Rows: 25]]>
            </line>
            <line>
              <![CDATA[Element by By.name: chevron-right found.]]>
            </line>
            <line>
              <![CDATA[WebElement clicked.]]>
            </line>
            <line>
              <![CDATA[Elements by By.xpath: //div[@class='kat-row kat-no-gutters ahd-product-policy-table-row'] found.]]>
            </line>
            <line>
              <![CDATA[Page Number: 3 Total Rows: 25]]>
            </line>
            <line>
              <![CDATA[Element by By.name: chevron-right found.]]>
            </line>
            <line>
              <![CDATA[WebElement clicked.]]>
            </line>
            <line>
              <![CDATA[Elements by By.xpath: //div[@class='kat-row kat-no-gutters ahd-product-policy-table-row'] found.]]>
            </line>
            <line>
              <![CDATA[Page Number: 4 Total Rows: 25]]>
            </line>
            <line>
              <![CDATA[Element by By.name: chevron-right found.]]>
            </line>
            <line>
              <![CDATA[WebElement clicked.]]>
            </line>
            <line>
              <![CDATA[Elements by By.xpath: //div[@class='kat-row kat-no-gutters ahd-product-policy-table-row'] found.]]>
            </line>
            <line>
              <![CDATA[Page Number: 5 Total Rows: 25]]>
            </line>
            <line>
              <![CDATA[Element by By.name: chevron-right found.]]>
            </line>
            <line>
              <![CDATA[WebElement clicked.]]>
            </line>
            <line>
              <![CDATA[Elements by By.xpath: //div[@class='kat-row kat-no-gutters ahd-product-policy-table-row'] found.]]>
            </line>
            <line>
              <![CDATA[Page Number: 6 Total Rows: 25]]>
            </line>
            <line>
              <![CDATA[Element by By.name: chevron-right found.]]>
            </line>
            <line>
              <![CDATA[WebElement clicked.]]>
            </line>
            <line>
              <![CDATA[Elements by By.xpath: //div[@class='kat-row kat-no-gutters ahd-product-policy-table-row'] found.]]>
            </line>
            <line>
              <![CDATA[Page Number: 7 Total Rows: 25]]>
            </line>
            <line>
              <![CDATA[Element by By.name: chevron-right found.]]>
            </line>
            <line>
              <![CDATA[WebElement clicked.]]>
            </line>
            <line>
              <![CDATA[Elements by By.xpath: //div[@class='kat-row kat-no-gutters ahd-product-policy-table-row'] found.]]>
            </line>
            <line>
              <![CDATA[Page Number: 8 Total Rows: 25]]>
            </line>
            <line>
              <![CDATA[Element by By.name: chevron-right found.]]>
            </line>
            <line>
              <![CDATA[WebElement clicked.]]>
            </line>
            <line>
              <![CDATA[Elements by By.xpath: //div[@class='kat-row kat-no-gutters ahd-product-policy-table-row'] found.]]>
            </line>
            <line>
              <![CDATA[Page Number: 9 Total Rows: 25]]>
            </line>
            <line>
              <![CDATA[Element by By.name: chevron-right found.]]>
            </line>
            <line>
              <![CDATA[WebElement clicked.]]>
            </line>
            <line>
              <![CDATA[Elements by By.xpath: //div[@class='kat-row kat-no-gutters ahd-product-policy-table-row'] found.]]>
            </line>
            <line>
              <![CDATA[Page Number: 10 Total Rows: 25]]>
            </line>
            <line>
              <![CDATA[Element by By.name: chevron-right found.]]>
            </line>
            <line>
              <![CDATA[WebElement clicked.]]>
            </line>
            <line>
              <![CDATA[Elements by By.xpath: //div[@class='kat-row kat-no-gutters ahd-product-policy-table-row'] found.]]>
            </line>
            <line>
              <![CDATA[Page Number: 11 Total Rows: 25]]>
            </line>
            <line>
              <![CDATA[Element by By.name: chevron-right found.]]>
            </line>
            <line>
              <![CDATA[WebElement clicked.]]>
            </line>
            <line>
              <![CDATA[Elements by By.xpath: //div[@class='kat-row kat-no-gutters ahd-product-policy-table-row'] found.]]>
            </line>
            <line>
              <![CDATA[Page Number: 12 Total Rows: 25]]>
            </line>
            <line>
              <![CDATA[Element by By.name: chevron-right found.]]>
            </line>
            <line>
              <![CDATA[WebElement clicked.]]>
            </line>
            <line>
              <![CDATA[Elements by By.xpath: //div[@class='kat-row kat-no-gutters ahd-product-policy-table-row'] found.]]>
            </line>
            <line>
              <![CDATA[Page Number: 13 Total Rows: 25]]>
            </line>
            <line>
              <![CDATA[Element by By.name: chevron-right found.]]>
            </line>
            <line>
              <![CDATA[WebElement clicked.]]>
            </line>
            <line>
              <![CDATA[Elements by By.xpath: //div[@class='kat-row kat-no-gutters ahd-product-policy-table-row'] found.]]>
            </line>
            <line>
              <![CDATA[Page Number: 14 Total Rows: 25]]>
            </line>
            <line>
              <![CDATA[Element by By.name: chevron-right found.]]>
            </line>
            <line>
              <![CDATA[WebElement clicked.]]>
            </line>
            <line>
              <![CDATA[Elements by By.xpath: //div[@class='kat-row kat-no-gutters ahd-product-policy-table-row'] found.]]>
            </line>
            <line>
              <![CDATA[Page Number: 15 Total Rows: 25]]>
            </line>
            <line>
              <![CDATA[Element by By.name: chevron-right found.]]>
            </line>
            <line>
              <![CDATA[WebElement clicked.]]>
            </line>
            <line>
              <![CDATA[Elements by By.xpath: //div[@class='kat-row kat-no-gutters ahd-product-policy-table-row'] found.]]>
            </line>
            <line>
              <![CDATA[Page Number: 16 Total Rows: 25]]>
            </line>
            <line>
              <![CDATA[Element by By.name: chevron-right found.]]>
            </line>
            <line>
              <![CDATA[WebElement clicked.]]>
            </line>
            <line>
              <![CDATA[Elements by By.xpath: //div[@class='kat-row kat-no-gutters ahd-product-policy-table-row'] found.]]>
            </line>
            <line>
              <![CDATA[Page Number: 17 Total Rows: 25]]>
            </line>
            <line>
              <![CDATA[Element by By.name: chevron-right found.]]>
            </line>
            <line>
              <![CDATA[WebElement clicked.]]>
            </line>
            <line>
              <![CDATA[Elements by By.xpath: //div[@class='kat-row kat-no-gutters ahd-product-policy-table-row'] found.]]>
            </line>
            <line>
              <![CDATA[Page Number: 18 Total Rows: 25]]>
            </line>
            <line>
              <![CDATA[Element by By.name: chevron-right found.]]>
            </line>
            <line>
              <![CDATA[WebElement clicked.]]>
            </line>
            <line>
              <![CDATA[Elements by By.xpath: //div[@class='kat-row kat-no-gutters ahd-product-policy-table-row'] found.]]>
            </line>
            <line>
              <![CDATA[Page Number: 19 Total Rows: 25]]>
            </line>
            <line>
              <![CDATA[Element by By.name: chevron-right found.]]>
            </line>
            <line>
              <![CDATA[WebElement clicked.]]>
            </line>
            <line>
              <![CDATA[Elements by By.xpath: //div[@class='kat-row kat-no-gutters ahd-product-policy-table-row'] found.]]>
            </line>
            <line>
              <![CDATA[Page Number: 20 Total Rows: 25]]>
            </line>
            <line>
              <![CDATA[Element by By.name: chevron-right found.]]>
            </line>
            <line>
              <![CDATA[WebElement clicked.]]>
            </line>
            <line>
              <![CDATA[Elements by By.xpath: //div[@class='kat-row kat-no-gutters ahd-product-policy-table-row'] found.]]>
            </line>
            <line>
              <![CDATA[Page Number: 21 Total Rows: 25]]>
            </line>
            <line>
              <![CDATA[Element by By.name: chevron-right found.]]>
            </line>
            <line>
              <![CDATA[WebElement clicked.]]>
            </line>
            <line>
              <![CDATA[Elements by By.xpath: //div[@class='kat-row kat-no-gutters ahd-product-policy-table-row'] found.]]>
            </line>
            <line>
              <![CDATA[Page Number: 22 Total Rows: 25]]>
            </line>
            <line>
              <![CDATA[Element by By.name: chevron-right found.]]>
            </line>
            <line>
              <![CDATA[WebElement clicked.]]>
            </line>
            <line>
              <![CDATA[Elements by By.xpath: //div[@class='kat-row kat-no-gutters ahd-product-policy-table-row'] found.]]>
            </line>
            <line>
              <![CDATA[Page Number: 23 Total Rows: 25]]>
            </line>
            <line>
              <![CDATA[Element by By.name: chevron-right found.]]>
            </line>
            <line>
              <![CDATA[WebElement clicked.]]>
            </line>
            <line>
              <![CDATA[Elements by By.xpath: //div[@class='kat-row kat-no-gutters ahd-product-policy-table-row'] found.]]>
            </line>
            <line>
              <![CDATA[Page Number: 24 Total Rows: 25]]>
            </line>
            <line>
              <![CDATA[Element by By.name: chevron-right found.]]>
            </line>
            <line>
              <![CDATA[WebElement clicked.]]>
            </line>
            <line>
              <![CDATA[Elements by By.xpath: //div[@class='kat-row kat-no-gutters ahd-product-policy-table-row'] found.]]>
            </line>
            <line>
              <![CDATA[Page Number: 25 Total Rows: 25]]>
            </line>
            <line>
              <![CDATA[Element by By.name: chevron-right found.]]>
            </line>
            <line>
              <![CDATA[WebElement clicked.]]>
            </line>
            <line>
              <![CDATA[Elements by By.xpath: //div[@class='kat-row kat-no-gutters ahd-product-policy-table-row'] found.]]>
            </line>
            <line>
              <![CDATA[Page Number: 26 Total Rows: 25]]>
            </line>
            <line>
              <![CDATA[Element by By.name: chevron-right found.]]>
            </line>
            <line>
              <![CDATA[WebElement clicked.]]>
            </line>
            <line>
              <![CDATA[Elements by By.xpath: //div[@class='kat-row kat-no-gutters ahd-product-policy-table-row'] found.]]>
            </line>
            <line>
              <![CDATA[Page Number: 27 Total Rows: 25]]>
            </line>
            <line>
              <![CDATA[Element by By.name: chevron-right found.]]>
            </line>
            <line>
              <![CDATA[WebElement clicked.]]>
            </line>
            <line>
              <![CDATA[Elements by By.xpath: //div[@class='kat-row kat-no-gutters ahd-product-policy-table-row'] found.]]>
            </line>
            <line>
              <![CDATA[Page Number: 28 Total Rows: 25]]>
            </line>
            <line>
              <![CDATA[Element by By.name: chevron-right found.]]>
            </line>
            <line>
              <![CDATA[WebElement clicked.]]>
            </line>
            <line>
              <![CDATA[Elements by By.xpath: //div[@class='kat-row kat-no-gutters ahd-product-policy-table-row'] found.]]>
            </line>
            <line>
              <![CDATA[Page Number: 29 Total Rows: 25]]>
            </line>
            <line>
              <![CDATA[Element by By.name: chevron-right found.]]>
            </line>
            <line>
              <![CDATA[WebElement clicked.]]>
            </line>
            <line>
              <![CDATA[Elements by By.xpath: //div[@class='kat-row kat-no-gutters ahd-product-policy-table-row'] found.]]>
            </line>
            <line>
              <![CDATA[Page Number: 30 Total Rows: 25]]>
            </line>
            <line>
              <![CDATA[Element by By.name: chevron-right found.]]>
            </line>
            <line>
              <![CDATA[WebElement clicked.]]>
            </line>
            <line>
              <![CDATA[Elements by By.xpath: //div[@class='kat-row kat-no-gutters ahd-product-policy-table-row'] found.]]>
            </line>
            <line>
              <![CDATA[Page Number: 31 Total Rows: 25]]>
            </line>
            <line>
              <![CDATA[Element by By.name: chevron-right found.]]>
            </line>
            <line>
              <![CDATA[WebElement clicked.]]>
            </line>
            <line>
              <![CDATA[Elements by By.xpath: //div[@class='kat-row kat-no-gutters ahd-product-policy-table-row'] found.]]>
            </line>
            <line>
              <![CDATA[Page Number: 32 Total Rows: 25]]>
            </line>
            <line>
              <![CDATA[Element by By.name: chevron-right found.]]>
            </line>
            <line>
              <![CDATA[WebElement clicked.]]>
            </line>
            <line>
              <![CDATA[Elements by By.xpath: //div[@class='kat-row kat-no-gutters ahd-product-policy-table-row'] found.]]>
            </line>
            <line>
              <![CDATA[Page Number: 33 Total Rows: 25]]>
            </line>
            <line>
              <![CDATA[Element by By.name: chevron-right found.]]>
[...]
            </line>
            <line>
              <![CDATA[Page Number: 102 Total Rows: 25]]>
            </line>
            <line>
              <![CDATA[Element by By.name: chevron-right found.]]>
            </line>
            <line>
              <![CDATA[WebElement clicked.]]>
            </line>
            <line>
              <![CDATA[Elements by By.xpath: //div[@class='kat-row kat-no-gutters ahd-product-policy-table-row'] found.]]>
            </line>
            <line>
              <![CDATA[Page Number: 103 Total Rows: 25]]>
            </line>
            <line>
              <![CDATA[Element by By.name: chevron-right found.]]>
            </line>
            <line>
              <![CDATA[WebElement clicked.]]>
            </line>
            <line>
              <![CDATA[Elements by By.xpath: //div[@class='kat-row kat-no-gutters ahd-product-policy-table-row'] found.]]>
            </line>
            <line>
              <![CDATA[Page Number: 104 Total Rows: 25]]>
            </line>
            <line>
              <![CDATA[Element by By.name: chevron-right found.]]>
            </line>
            <line>
              <![CDATA[WebElement clicked.]]>
            </line>
            <line>
              <![CDATA[Elements by By.xpath: //div[@class='kat-row kat-no-gutters ahd-product-policy-table-row'] found.]]>
            </line>
            <line>
              <![CDATA[Page Number: 105 Total Rows: 25]]>
            </line>
            <line>
              <![CDATA[Element by By.name: chevron-right found.]]>
            </line>
            <line>
              <![CDATA[WebElement clicked.]]>
            </line>
            <line>
              <![CDATA[Elements by By.xpath: //div[@class='kat-row kat-no-gutters ahd-product-policy-table-row'] found.]]>
            </line>
            <line>
              <![CDATA[Page Number: 106 Total Rows: 25]]>
            </line>
            <line>
              <![CDATA[Element by By.name: chevron-right found.]]>
            </line>
            <line>
              <![CDATA[WebElement clicked.]]>
            </line>
            <line>
              <![CDATA[Elements by By.xpath: //div[@class='kat-row kat-no-gutters ahd-product-policy-table-row'] found.]]>
            </line>
            <line>
              <![CDATA[Page Number: 107 Total Rows: 25]]>
            </line>
            <line>
              <![CDATA[Element by By.name: chevron-right found.]]>
            </line>
            <line>
              <![CDATA[WebElement clicked.]]>
            </line>
            <line>
              <![CDATA[Elements by By.xpath: //div[@class='kat-row kat-no-gutters ahd-product-policy-table-row'] found.]]>
            </line>
            <line>
              <![CDATA[Page Number: 108 Total Rows: 25]]>
            </line>
            <line>
              <![CDATA[Element by By.name: chevron-right found.]]>
            </line>
            <line>
              <![CDATA[WebElement clicked.]]>
            </line>
            <line>
              <![CDATA[Elements by By.xpath: //div[@class='kat-row kat-no-gutters ahd-product-policy-table-row'] found.]]>
            </line>
            <line>
              <![CDATA[Page Number: 109 Total Rows: 25]]>
            </line>
            <line>
              <![CDATA[Element by By.name: chevron-right found.]]>
            </line>
            <line>
              <![CDATA[WebElement clicked.]]>
            </line>
            <line>
              <![CDATA[Elements by By.xpath: //div[@class='kat-row kat-no-gutters ahd-product-policy-table-row'] found.]]>
            </line>
            <line>
              <![CDATA[Page Number: 110 Total Rows: 25]]>
            </line>
            <line>
              <![CDATA[Element by By.name: chevron-right found.]]>
            </line>
            <line>
              <![CDATA[WebElement clicked.]]>
            </line>
            <line>
              <![CDATA[Elements by By.xpath: //div[@class='kat-row kat-no-gutters ahd-product-policy-table-row'] found.]]>
            </line>
            <line>
              <![CDATA[Page Number: 111 Total Rows: 25]]>
            </line>
            <line>
              <![CDATA[Element by By.name: chevron-right found.]]>
            </line>
            <line>
              <![CDATA[WebElement clicked.]]>
            </line>
            <line>
              <![CDATA[Elements by By.xpath: //div[@class='kat-row kat-no-gutters ahd-product-policy-table-row'] found.]]>
            </line>
            <line>
              <![CDATA[Page Number: 112 Total Rows: 25]]>
            </line>
            <line>
              <![CDATA[Element by By.name: chevron-right found.]]>
            </line>
            <line>
              <![CDATA[WebElement clicked.]]>
            </line>
            <line>
              <![CDATA[Elements by By.xpath: //div[@class='kat-row kat-no-gutters ahd-product-policy-table-row'] found.]]>
            </line>
            <line>
              <![CDATA[Page Number: 113 Total Rows: 25]]>
            </line>
            <line>
              <![CDATA[Element by By.name: chevron-right found.]]>
            </line>
            <line>
              <![CDATA[WebElement clicked.]]>
            </line>
            <line>
              <![CDATA[Elements by By.xpath: //div[@class='kat-row kat-no-gutters ahd-product-policy-table-row'] found.]]>
            </line>
            <line>
              <![CDATA[Page Number: 114 Total Rows: 25]]>
            </line>
            <line>
              <![CDATA[Element by By.name: chevron-right found.]]>
            </line>
            <line>
              <![CDATA[WebElement clicked.]]>
            </line>
            <line>
              <![CDATA[Elements by By.xpath: //div[@class='kat-row kat-no-gutters ahd-product-policy-table-row'] found.]]>
            </line>
            <line>
              <![CDATA[Page Number: 115 Total Rows: 25]]>
            </line>
            <line>
              <![CDATA[Element by By.name: chevron-right found.]]>
            </line>
            <line>
              <![CDATA[WebElement clicked.]]>
            </line>
            <line>
              <![CDATA[Elements by By.xpath: //div[@class='kat-row kat-no-gutters ahd-product-policy-table-row'] found.]]>
            </line>
            <line>
              <![CDATA[Page Number: 116 Total Rows: 25]]>
            </line>
            <line>
              <![CDATA[Element by By.name: chevron-right found.]]>
            </line>
            <line>
              <![CDATA[WebElement clicked.]]>
            </line>
            <line>
              <![CDATA[Elements by By.xpath: //div[@class='kat-row kat-no-gutters ahd-product-policy-table-row'] found.]]>
            </line>
            <line>
              <![CDATA[Page Number: 117 Total Rows: 25]]>
            </line>
            <line>
              <![CDATA[Element by By.name: chevron-right found.]]>
            </line>
            <line>
              <![CDATA[WebElement clicked.]]>
            </line>
            <line>
              <![CDATA[Elements by By.xpath: //div[@class='kat-row kat-no-gutters ahd-product-policy-table-row'] found.]]>
            </line>
            <line>
              <![CDATA[Page Number: 118 Total Rows: 25]]>
            </line>
            <line>
              <![CDATA[Element by By.name: chevron-right found.]]>
            </line>
            <line>
              <![CDATA[WebElement clicked.]]>
            </line>
            <line>
              <![CDATA[Elements by By.xpath: //div[@class='kat-row kat-no-gutters ahd-product-policy-table-row'] found.]]>
            </line>
            <line>
              <![CDATA[Page Number: 119 Total Rows: 25]]>
            </line>
            <line>
              <![CDATA[Element by By.name: chevron-right found.]]>
            </line>
            <line>
              <![CDATA[WebElement clicked.]]>
            </line>
            <line>
              <![CDATA[Elements by By.xpath: //div[@class='kat-row kat-no-gutters ahd-product-policy-table-row'] found.]]>
            </line>
            <line>
              <![CDATA[Page Number: 120 Total Rows: 25]]>
            </line>
            <line>
              <![CDATA[Element by By.name: chevron-right found.]]>
            </line>
            <line>
              <![CDATA[WebElement clicked.]]>
            </line>
            <line>
              <![CDATA[Elements by By.xpath: //div[@class='kat-row kat-no-gutters ahd-product-policy-table-row'] found.]]>
            </line>
            <line>
              <![CDATA[Page Number: 121 Total Rows: 25]]>
            </line>
            <line>
              <![CDATA[Element by By.name: chevron-right found.]]>
            </line>
            <line>
              <![CDATA[WebElement clicked.]]>
            </line>
            <line>
              <![CDATA[Elements by By.xpath: //div[@class='kat-row kat-no-gutters ahd-product-policy-table-row'] found.]]>
            </line>
            <line>
              <![CDATA[Page Number: 122 Total Rows: 25]]>
            </line>
            <line>
              <![CDATA[Element by By.name: chevron-right found.]]>
            </line>
            <line>
              <![CDATA[WebElement clicked.]]>
            </line>
            <line>
              <![CDATA[Elements by By.xpath: //div[@class='kat-row kat-no-gutters ahd-product-policy-table-row'] found.]]>
            </line>
            <line>
              <![CDATA[Page Number: 123 Total Rows: 25]]>
            </line>
            <line>
              <![CDATA[Element by By.name: chevron-right found.]]>
            </line>
            <line>
              <![CDATA[WebElement clicked.]]>
            </line>
            <line>
              <![CDATA[Elements by By.xpath: //div[@class='kat-row kat-no-gutters ahd-product-policy-table-row'] found.]]>
            </line>
            <line>
              <![CDATA[Page Number: 124 Total Rows: 25]]>
            </line>
            <line>
              <![CDATA[Element by By.name: chevron-right found.]]>
            </line>
            <line>
              <![CDATA[WebElement clicked.]]>
            </line>
            <line>
              <![CDATA[Elements by By.xpath: //div[@class='kat-row kat-no-gutters ahd-product-policy-table-row'] found.]]>
            </line>
            <line>
              <![CDATA[Page Number: 125 Total Rows: 25]]>
            </line>
            <line>
              <![CDATA[Element by By.name: chevron-right found.]]>
            </line>
            <line>
              <![CDATA[WebElement clicked.]]>
            </line>
            <line>
              <![CDATA[Elements by By.xpath: //div[@class='kat-row kat-no-gutters ahd-product-policy-table-row'] found.]]>
            </line>
            <line>
              <![CDATA[Page Number: 126 Total Rows: 25]]>
            </line>
            <line>
              <![CDATA[Element by By.name: chevron-right found.]]>
            </line>
            <line>
              <![CDATA[WebElement clicked.]]>
            </line>
            <line>
              <![CDATA[Elements by By.xpath: //div[@class='kat-row kat-no-gutters ahd-product-policy-table-row'] found.]]>
            </line>
            <line>
              <![CDATA[Page Number: 127 Total Rows: 25]]>
            </line>
            <line>
              <![CDATA[Element by By.name: chevron-right found.]]>
            </line>
            <line>
              <![CDATA[WebElement clicked.]]>
            </line>
            <line>
              <![CDATA[Elements by By.xpath: //div[@class='kat-row kat-no-gutters ahd-product-policy-table-row'] found.]]>
            </line>
            <line>
              <![CDATA[Page Number: 128 Total Rows: 25]]>
            </line>
            <line>
              <![CDATA[Element by By.name: chevron-right found.]]>
            </line>
            <line>
              <![CDATA[WebElement clicked.]]>
            </line>
            <line>
              <![CDATA[Elements by By.xpath: //div[@class='kat-row kat-no-gutters ahd-product-policy-table-row'] found.]]>
            </line>
            <line>
              <![CDATA[Page Number: 129 Total Rows: 25]]>
            </line>
            <line>
              <![CDATA[Element by By.name: chevron-right found.]]>
            </line>
            <line>
              <![CDATA[WebElement clicked.]]>
            </line>
            <line>
              <![CDATA[Elements by By.xpath: //div[@class='kat-row kat-no-gutters ahd-product-policy-table-row'] found.]]>
            </line>
            <line>
              <![CDATA[Page Number: 130 Total Rows: 25]]>
            </line>
            <line>
              <![CDATA[Element by By.name: chevron-right found.]]>
            </line>
            <line>
              <![CDATA[WebElement clicked.]]>
            </line>
            <line>
              <![CDATA[Elements by By.xpath: //div[@class='kat-row kat-no-gutters ahd-product-policy-table-row'] found.]]>
            </line>
            <line>
              <![CDATA[Page Number: 131 Total Rows: 25]]>
            </line>
            <line>
              <![CDATA[Element by By.name: chevron-right found.]]>
            </line>
            <line>
              <![CDATA[WebElement clicked.]]>
            </line>
            <line>
              <![CDATA[Elements by By.xpath: //div[@class='kat-row kat-no-gutters ahd-product-policy-table-row'] found.]]>
            </line>
            <line>
              <![CDATA[Page Number: 132 Total Rows: 25]]>
            </line>
            <line>
              <![CDATA[Element by By.name: chevron-right found.]]>
            </line>
            <line>
              <![CDATA[WebElement clicked.]]>
            </line>
            <line>
              <![CDATA[Elements by By.xpath: //div[@class='kat-row kat-no-gutters ahd-product-policy-table-row'] found.]]>
            </line>
            <line>
              <![CDATA[Page Number: 133 Total Rows: 25]]>
            </line>
            <line>
              <![CDATA[Element by By.name: chevron-right found.]]>
            </line>
            <line>
              <![CDATA[WebElement clicked.]]>
            </line>
            <line>
              <![CDATA[Elements by By.xpath: //div[@class='kat-row kat-no-gutters ahd-product-policy-table-row'] found.]]>
            </line>
            <line>
              <![CDATA[Page Number: 134 Total Rows: 25]]>
            </line>
            <line>
              <![CDATA[Element by By.name: chevron-right found.]]>
            </line>
            <line>
              <![CDATA[WebElement clicked.]]>
            </line>
            <line>
              <![CDATA[Elements by By.xpath: //div[@class='kat-row kat-no-gutters ahd-product-policy-table-row'] found.]]>
            </line>
            <line>
              <![CDATA[Page Number: 135 Total Rows: 25]]>
            </line>
            <line>
              <![CDATA[Element by By.name: chevron-right found.]]>
            </line>
            <line>
              <![CDATA[WebElement clicked.]]>
            </line>
            <line>
              <![CDATA[Elements by By.xpath: //div[@class='kat-row kat-no-gutters ahd-product-policy-table-row'] found.]]>
            </line>
            <line>
              <![CDATA[Page Number: 136 Total Rows: 25]]>
            </line>
            <line>
              <![CDATA[Element by By.name: chevron-right found.]]>
            </line>
            <line>
              <![CDATA[WebElement clicked.]]>
            </line>
            <line>
              <![CDATA[Elements by By.xpath: //div[@class='kat-row kat-no-gutters ahd-product-policy-table-row'] found.]]>
            </line>
            <line>
              <![CDATA[Page Number: 137 Total Rows: 25]]>
            </line>
            <line>
              <![CDATA[Element by By.name: chevron-right found.]]>
            </line>
            <line>
              <![CDATA[WebElement clicked.]]>
            </line>
            <line>
              <![CDATA[Elements by By.xpath: //div[@class='kat-row kat-no-gutters ahd-product-policy-table-row'] found.]]>
            </line>
            <line>
              <![CDATA[Page Number: 138 Total Rows: 25]]>
            </line>
            <line>
              <![CDATA[Element by By.name: chevron-right found.]]>
            </line>
            <line>
              <![CDATA[WebElement clicked.]]>
            </line>
          </reporter-output>
        </test-method> <!-- testGetPolicyComplianceDetails -->
      </class> <!-- com.qualitesoft.testscripts.ProductPolicyCompliance -->
    </test> <!-- Test Product Policy Compliance -->
    <test name="Test LogOut" duration-ms="17631" started-at="2021-05-12T08:04:04Z" finished-at="2021-05-12T08:04:22Z">
      <class name="com.qualitesoft.testscripts.LogOut">
        <test-method status="PASS" signature="setUp(java.lang.String, java.lang.String)[pri:0, instance:com.qualitesoft.testscripts.LogOut@40005471]" name="setUp" is-config="true" duration-ms="10115" started-at="2021-05-12T07:18:26Z" finished-at="2021-05-12T07:18:36Z">
          <params>
            <param index="0">
              <value>
                <![CDATA[chrome]]>
              </value>
            </param>
            <param index="1">
              <value>
                <![CDATA[https://sellercentral.amazon.com/]]>
              </value>
            </param>
          </params>
          <reporter-output>
            <line>
              <![CDATA[chrome browser launched successfully.]]>
            </line>
            <line>
              <![CDATA[https://sellercentral.amazon.com/URL launched successfully.]]>
            </line>
          </reporter-output>
        </test-method> <!-- setUp -->
        <test-method status="PASS" signature="initialize(org.testng.ITestContext)[pri:0, instance:com.qualitesoft.testscripts.LogOut@40005471]" name="initialize" is-config="true" duration-ms="3" started-at="2021-05-12T08:04:04Z" finished-at="2021-05-12T08:04:04Z">
          <params>
            <param index="0">
              <value>
                <![CDATA[org.testng.TestRunner@11a8042c]]>
              </value>
            </param>
          </params>
          <reporter-output>
            <line>
              <![CDATA[*****************************Test LogOut started.]]>
            </line>
          </reporter-output>
        </test-method> <!-- initialize -->
        <test-method status="PASS" signature="testLogOut()[pri:0, instance:com.qualitesoft.testscripts.LogOut@40005471]" name="testLogOut" duration-ms="17624" started-at="2021-05-12T08:04:04Z" finished-at="2021-05-12T08:04:22Z">
          <reporter-output>
            <line>
              <![CDATA[Element by By.xpath: //*[@id="sc-quicklink-settings"]/a found.]]>
            </line>
            <line>
              <![CDATA[Element by By.xpath: //*[@id="sc-quicklink-settings"]/ul/li[1]/a found.]]>
            </line>
            <line>
              <![CDATA[WebElement clicked.]]>
            </line>
            <line>
              <![CDATA[Screenshot LoggedOut successfully taken.]]>
            </line>
          </reporter-output>
        </test-method> <!-- testLogOut -->
        <test-method status="PASS" signature="tearDown()[pri:0, instance:com.qualitesoft.testscripts.LogOut@40005471]" name="tearDown" is-config="true" duration-ms="1481" started-at="2021-05-12T08:04:22Z" finished-at="2021-05-12T08:04:23Z">
          <reporter-output>
            <line>
              <![CDATA[******************Test Ended************************]]>
            </line>
          </reporter-output>
        </test-method> <!-- tearDown -->
      </class> <!-- com.qualitesoft.testscripts.LogOut -->
    </test> <!-- Test LogOut -->
  </suite> <!-- Product Policy Compliance -->
</testng-results>
